TID: [-1234] [2021-07-17 16:49:56,994]  INFO {AUDIT_LOG} - Initiator=wso2.system.user Action=Get-User-Claim-Values Target=admin Data={"Claims":{},"Profile":"default"} Outcome=Success
TID: [-1234] [2021-07-17 16:49:56,994]  INFO {AUDIT_LOG} - Initiator=wso2.system.user Action=Get-User-Claim-Values Target=admin Data={"Claims":{},"Profile":"default"} Outcome=Success
TID: [-1234] [2021-07-17 16:49:56,995]  WARN {AUDIT_LOG} - Initiator=wso2.system.user Action=Add-User Target=apim_reserved_user Data={"Claims":{"http://wso2.org/claims/username":"apim_reserved_user","http://wso2.org/claims/userid":"4af4c096-a8a4-4edd-a91e-55c882dbaa32"},"Roles":["internal/everyone"],"Profile":"apim_reserved_user"} Outcome=Success
TID: [-1234] [2021-07-17 16:49:57,021]  INFO {AUDIT_LOG} - Initiator=wso2.system.user Action=Get-Roles-of-User Target=apim_reserved_user Data={"Filter":"*","Roles":["Internal/everyone"]} Outcome=Success
TID: [-1234] [2021-07-17 16:49:57,364]  INFO {AUDIT_LOG} - Initiator=wso2.system.user Action=Get-User-Claim-Values Target=admin Data={"Claims":{},"Profile":"default"} Outcome=Success
TID: [-1234] [2021-07-17 16:49:57,473]  INFO {AUDIT_LOG} - Initiator=wso2.system.user Action=Get-User-Claim-Values Target=admin Data={"Claims":{},"Profile":"default"} Outcome=Success
TID: [-1234] [2021-07-17 16:49:57,534]  INFO {AUDIT_LOG} - Initiator=wso2.system.user Action=Get-User-Claim-Values Target=admin Data={"Claims":{},"Profile":"default"} Outcome=Success
TID: [-1234] [2021-07-17 16:49:57,535]  INFO {AUDIT_LOG} - Initiator=wso2.system.user Action=Get-User-Claim-Values Target=admin Data={"Claims":{},"Profile":"default"} Outcome=Success
TID: [-1234] [2021-07-17 16:49:57,540]  INFO {AUDIT_LOG} - Initiator=wso2.system.user Action=Get-User-Claim-Values Target=admin Data={"Claims":{},"Profile":"default"} Outcome=Success
TID: [-1234] [2021-07-17 16:49:57,540]  INFO {AUDIT_LOG} - Initiator=wso2.system.user Action=Get-User-Claim-Values Target=admin Data={"Claims":{},"Profile":"default"} Outcome=Success
TID: [-1234] [2021-07-17 16:49:57,564]  INFO {AUDIT_LOG} - Initiator=wso2.system.user Action=Get-User-Claim-Values Target=admin Data={"Claims":{},"Profile":"default"} Outcome=Success
TID: [-1234] [2021-07-17 16:49:57,653]  INFO {AUDIT_LOG} - Initiator=wso2.system.user Action=Get-User-Claim-Values Target=admin Data={"Claims":{},"Profile":"default"} Outcome=Success
TID: [-1234] [2021-07-17 16:49:57,664]  INFO {AUDIT_LOG} - Initiator=wso2.system.user Action=Get-User-Claim-Values Target=admin Data={"Claims":{},"Profile":"default"} Outcome=Success
TID: [-1234] [2021-07-17 16:49:57,781]  INFO {AUDIT_LOG} - Initiator=wso2.system.user Action=Get-User-Claim-Values Target=admin Data={"Claims":{},"Profile":"default"} Outcome=Success
TID: [-1234] [2021-07-17 16:49:57,801]  INFO {AUDIT_LOG} - Initiator=wso2.system.user Action=Get-User-Claim-Values Target=admin Data={"Claims":{},"Profile":"default"} Outcome=Success
TID: [-1234] [2021-07-17 16:49:57,807]  INFO {AUDIT_LOG} - Initiator=wso2.system.user Action=Get-User-Claim-Values Target=admin Data={"Claims":{},"Profile":"default"} Outcome=Success
TID: [-1234] [2021-07-17 16:49:57,811]  INFO {AUDIT_LOG} - Initiator=wso2.system.user Action=Get-User-Claim-Values Target=admin Data={"Claims":{},"Profile":"default"} Outcome=Success
TID: [-1234] [2021-07-17 16:49:57,868]  INFO {AUDIT_LOG} - Initiator=wso2.system.user Action=Get-User-Claim-Values Target=admin Data={"Claims":{},"Profile":"default"} Outcome=Success
TID: [-1234] [2021-07-17 16:49:57,902]  INFO {AUDIT_LOG} - Initiator=wso2.system.user Action=Get-Roles-of-User Target=admin Data={"Filter":"*","Roles":["Internal/subscriber","Internal/creator","Internal/publisher","Internal/everyone","Internal/devops","admin","Internal/analytics"]} Outcome=Success
TID: [-1234] [2021-07-17 16:49:58,425]  INFO {AUDIT_LOG} - Initiator=wso2.system.user Action=Get-User-Claim-Values Target=admin Data={"Claims":{},"Profile":"default"} Outcome=Success
TID: [-1234] [2021-07-17 17:22:20,098]  INFO {AUDIT_LOG} - Initiator=wso2.system.user Action=Get-Roles-of-User Target=admin Data={"Filter":"*","Roles":["Internal/subscriber","Internal/creator","Internal/publisher","Internal/everyone","Internal/devops","admin","Internal/analytics"]} Outcome=Success
TID: [-1234] [2021-07-17 17:56:09,042]  INFO {AUDIT_LOG} - Initiator=wso2.system.user Action=Get-User-Claim-Values Target=admin Data={"Claims":{},"Profile":"default"} Outcome=Success
TID: [-1234] [2021-07-17 17:56:09,044]  INFO {AUDIT_LOG} - Initiator=wso2.system.user Action=Get-User-Claim-Values Target=admin Data={"Claims":{},"Profile":"default"} Outcome=Success
TID: [-1234] [2021-07-17 17:56:09,044]  INFO {AUDIT_LOG} - Initiator=wso2.system.user Action=Get-User-Claim-Values Target=admin Data={"Claims":{},"Profile":"default"} Outcome=Success
TID: [-1234] [2021-07-17 17:56:09,046]  INFO {AUDIT_LOG} - Initiator=wso2.system.user Action=Get-User-Claim-Values Target=admin Data={"Claims":{},"Profile":"default"} Outcome=Success
TID: [-1234] [2021-07-17 17:56:09,047]  INFO {AUDIT_LOG} - Initiator=wso2.system.user Action=Get-User-Claim-Values Target=admin Data={"Claims":{},"Profile":"default"} Outcome=Success
TID: [-1234] [2021-07-17 17:56:09,150]  INFO {AUDIT_LOG} - Initiator=wso2.system.user Action=Get-User-Claim-Values Target=admin Data={"Claims":{},"Profile":"default"} Outcome=Success
TID: [-1234] [2021-07-17 17:56:09,156]  INFO {AUDIT_LOG} - Initiator=wso2.system.user Action=Get-User-Claim-Values Target=admin Data={"Claims":{},"Profile":"default"} Outcome=Success
TID: [-1234] [2021-07-17 17:56:09,157]  INFO {AUDIT_LOG} - Initiator=wso2.system.user Action=Get-User-Claim-Values Target=admin Data={"Claims":{},"Profile":"default"} Outcome=Success
TID: [-1234] [2021-07-17 17:56:09,380]  INFO {AUDIT_LOG} - Initiator=wso2.system.user Action=Get-User-Claim-Values Target=admin Data={"Claims":{},"Profile":"default"} Outcome=Success
TID: [-1234] [2021-07-17 17:56:09,383]  INFO {AUDIT_LOG} - Initiator=wso2.system.user Action=Get-User-Claim-Values Target=admin Data={"Claims":{},"Profile":"default"} Outcome=Success
TID: [-1234] [2021-07-17 17:56:09,384]  INFO {AUDIT_LOG} - Initiator=wso2.system.user Action=Get-User-Claim-Values Target=admin Data={"Claims":{},"Profile":"default"} Outcome=Success
TID: [-1234] [2021-07-17 17:56:09,393]  INFO {AUDIT_LOG} - Initiator=wso2.system.user Action=Get-User-Claim-Values Target=admin Data={"Claims":{},"Profile":"default"} Outcome=Success
TID: [-1234] [2021-07-17 17:56:09,410]  INFO {AUDIT_LOG} - Initiator=wso2.system.user Action=Get-User-Claim-Values Target=admin Data={"Claims":{},"Profile":"default"} Outcome=Success
TID: [-1234] [2021-07-17 17:56:09,412]  INFO {AUDIT_LOG} - Initiator=wso2.system.user Action=Get-User-Claim-Values Target=admin Data={"Claims":{},"Profile":"default"} Outcome=Success
TID: [-1234] [2021-07-17 17:56:09,416]  INFO {AUDIT_LOG} - Initiator=wso2.system.user Action=Get-User-Claim-Values Target=admin Data={"Claims":{},"Profile":"default"} Outcome=Success
TID: [-1234] [2021-07-17 17:56:09,528]  INFO {AUDIT_LOG} - Initiator=wso2.system.user Action=Get-Roles-of-User Target=admin Data={"Filter":"*","Roles":["Internal/subscriber","Internal/creator","Internal/publisher","Internal/everyone","Internal/devops","admin","Internal/analytics"]} Outcome=Success
TID: [-1234] [2021-07-17 18:32:01,579]  INFO {AUDIT_LOG} - Initiator=wso2.system.user Action=Get-Roles-of-User Target=admin Data={"Filter":"*","Roles":["Internal/subscriber","Internal/creator","Internal/publisher","Internal/everyone","Internal/devops","admin","Internal/analytics"]} Outcome=Success
TID: [-1234] [2021-07-17 18:34:10,648]  INFO {AUDIT_LOG} - Initiator=wso2.system.user Action=Get-User-Claim-Values Target=admin Data={"Claims":{},"Profile":"default"} Outcome=Success
TID: [-1234] [2021-07-17 18:34:10,648]  INFO {AUDIT_LOG} - Initiator=wso2.system.user Action=Get-User-Claim-Values Target=admin Data={"Claims":{},"Profile":"default"} Outcome=Success
TID: [-1234] [2021-07-17 18:34:10,648]  INFO {AUDIT_LOG} - Initiator=wso2.system.user Action=Get-User-Claim-Values Target=admin Data={"Claims":{},"Profile":"default"} Outcome=Success
TID: [-1234] [2021-07-17 18:34:10,651]  INFO {AUDIT_LOG} - Initiator=wso2.system.user Action=Get-User-Claim-Values Target=admin Data={"Claims":{},"Profile":"default"} Outcome=Success
TID: [-1234] [2021-07-17 18:34:10,656]  INFO {AUDIT_LOG} - Initiator=wso2.system.user Action=Get-User-Claim-Values Target=admin Data={"Claims":{},"Profile":"default"} Outcome=Success
TID: [-1234] [2021-07-17 18:34:10,790]  INFO {AUDIT_LOG} - Initiator=wso2.system.user Action=Get-User-Claim-Values Target=admin Data={"Claims":{},"Profile":"default"} Outcome=Success
TID: [-1234] [2021-07-17 18:34:10,807]  INFO {AUDIT_LOG} - Initiator=wso2.system.user Action=Get-User-Claim-Values Target=admin Data={"Claims":{},"Profile":"default"} Outcome=Success
TID: [-1234] [2021-07-17 18:34:10,817]  INFO {AUDIT_LOG} - Initiator=wso2.system.user Action=Get-User-Claim-Values Target=admin Data={"Claims":{},"Profile":"default"} Outcome=Success
TID: [-1234] [2021-07-17 18:34:11,009]  INFO {AUDIT_LOG} - Initiator=wso2.system.user Action=Get-User-Claim-Values Target=admin Data={"Claims":{},"Profile":"default"} Outcome=Success
TID: [-1234] [2021-07-17 18:34:11,009]  INFO {AUDIT_LOG} - Initiator=wso2.system.user Action=Get-User-Claim-Values Target=admin Data={"Claims":{},"Profile":"default"} Outcome=Success
TID: [-1234] [2021-07-17 18:34:11,012]  INFO {AUDIT_LOG} - Initiator=wso2.system.user Action=Get-User-Claim-Values Target=admin Data={"Claims":{},"Profile":"default"} Outcome=Success
TID: [-1234] [2021-07-17 18:34:11,016]  INFO {AUDIT_LOG} - Initiator=wso2.system.user Action=Get-User-Claim-Values Target=admin Data={"Claims":{},"Profile":"default"} Outcome=Success
TID: [-1234] [2021-07-17 18:34:11,041]  INFO {AUDIT_LOG} - Initiator=wso2.system.user Action=Get-User-Claim-Values Target=admin Data={"Claims":{},"Profile":"default"} Outcome=Success
TID: [-1234] [2021-07-17 18:34:11,048]  INFO {AUDIT_LOG} - Initiator=wso2.system.user Action=Get-User-Claim-Values Target=admin Data={"Claims":{},"Profile":"default"} Outcome=Success
TID: [-1234] [2021-07-17 18:34:11,050]  INFO {AUDIT_LOG} - Initiator=wso2.system.user Action=Get-User-Claim-Values Target=admin Data={"Claims":{},"Profile":"default"} Outcome=Success
TID: [-1234] [2021-07-17 18:34:11,161]  INFO {AUDIT_LOG} - Initiator=wso2.system.user Action=Get-Roles-of-User Target=admin Data={"Filter":"*","Roles":["Internal/subscriber","Internal/creator","Internal/publisher","Internal/everyone","Internal/devops","admin","Internal/analytics"]} Outcome=Success
TID: [-1234] [2021-07-17 18:40:14,436]  INFO {AUDIT_LOG} - Initiator=wso2.system.user Action=Get-User-Claim-Values Target=admin Data={"Claims":{},"Profile":"default"} Outcome=Success
TID: [-1234] [2021-07-17 18:40:14,439]  INFO {AUDIT_LOG} - Initiator=wso2.system.user Action=Get-User-Claim-Values Target=admin Data={"Claims":{},"Profile":"default"} Outcome=Success
TID: [-1234] [2021-07-17 18:40:14,440]  INFO {AUDIT_LOG} - Initiator=wso2.system.user Action=Get-User-Claim-Values Target=admin Data={"Claims":{},"Profile":"default"} Outcome=Success
TID: [-1234] [2021-07-17 18:40:14,440]  INFO {AUDIT_LOG} - Initiator=wso2.system.user Action=Get-User-Claim-Values Target=admin Data={"Claims":{},"Profile":"default"} Outcome=Success
TID: [-1234] [2021-07-17 18:40:14,441]  INFO {AUDIT_LOG} - Initiator=wso2.system.user Action=Get-User-Claim-Values Target=admin Data={"Claims":{},"Profile":"default"} Outcome=Success
TID: [-1234] [2021-07-17 18:40:14,584]  INFO {AUDIT_LOG} - Initiator=wso2.system.user Action=Get-User-Claim-Values Target=admin Data={"Claims":{},"Profile":"default"} Outcome=Success
TID: [-1234] [2021-07-17 18:40:14,586]  INFO {AUDIT_LOG} - Initiator=wso2.system.user Action=Get-User-Claim-Values Target=admin Data={"Claims":{},"Profile":"default"} Outcome=Success
TID: [-1234] [2021-07-17 18:40:14,601]  INFO {AUDIT_LOG} - Initiator=wso2.system.user Action=Get-User-Claim-Values Target=admin Data={"Claims":{},"Profile":"default"} Outcome=Success
TID: [-1234] [2021-07-17 18:40:14,783]  INFO {AUDIT_LOG} - Initiator=wso2.system.user Action=Get-User-Claim-Values Target=admin Data={"Claims":{},"Profile":"default"} Outcome=Success
TID: [-1234] [2021-07-17 18:40:14,790]  INFO {AUDIT_LOG} - Initiator=wso2.system.user Action=Get-User-Claim-Values Target=admin Data={"Claims":{},"Profile":"default"} Outcome=Success
TID: [-1234] [2021-07-17 18:40:14,791]  INFO {AUDIT_LOG} - Initiator=wso2.system.user Action=Get-User-Claim-Values Target=admin Data={"Claims":{},"Profile":"default"} Outcome=Success
TID: [-1234] [2021-07-17 18:40:14,793]  INFO {AUDIT_LOG} - Initiator=wso2.system.user Action=Get-User-Claim-Values Target=admin Data={"Claims":{},"Profile":"default"} Outcome=Success
TID: [-1234] [2021-07-17 18:40:14,825]  INFO {AUDIT_LOG} - Initiator=wso2.system.user Action=Get-User-Claim-Values Target=admin Data={"Claims":{},"Profile":"default"} Outcome=Success
TID: [-1234] [2021-07-17 18:40:14,828]  INFO {AUDIT_LOG} - Initiator=wso2.system.user Action=Get-User-Claim-Values Target=admin Data={"Claims":{},"Profile":"default"} Outcome=Success
TID: [-1234] [2021-07-17 18:40:14,850]  INFO {AUDIT_LOG} - Initiator=wso2.system.user Action=Get-User-Claim-Values Target=admin Data={"Claims":{},"Profile":"default"} Outcome=Success
TID: [-1234] [2021-07-17 18:40:14,941]  INFO {AUDIT_LOG} - Initiator=wso2.system.user Action=Get-Roles-of-User Target=admin Data={"Filter":"*","Roles":["Internal/subscriber","Internal/creator","Internal/publisher","Internal/everyone","Internal/devops","admin","Internal/analytics"]} Outcome=Success
TID: [-1234] [2021-07-17 18:45:16,958]  INFO {AUDIT_LOG} - Initiator=wso2.system.user Action=Get-User-Claim-Values Target=admin Data={"Claims":{},"Profile":"default"} Outcome=Success
TID: [-1234] [2021-07-17 18:45:16,958]  INFO {AUDIT_LOG} - Initiator=wso2.system.user Action=Get-User-Claim-Values Target=admin Data={"Claims":{},"Profile":"default"} Outcome=Success
TID: [-1234] [2021-07-17 18:45:16,960]  INFO {AUDIT_LOG} - Initiator=wso2.system.user Action=Get-User-Claim-Values Target=admin Data={"Claims":{},"Profile":"default"} Outcome=Success
TID: [-1234] [2021-07-17 18:45:16,961]  INFO {AUDIT_LOG} - Initiator=wso2.system.user Action=Get-User-Claim-Values Target=admin Data={"Claims":{},"Profile":"default"} Outcome=Success
TID: [-1234] [2021-07-17 18:45:16,961]  INFO {AUDIT_LOG} - Initiator=wso2.system.user Action=Get-User-Claim-Values Target=admin Data={"Claims":{},"Profile":"default"} Outcome=Success
TID: [-1234] [2021-07-17 18:45:17,060]  INFO {AUDIT_LOG} - Initiator=wso2.system.user Action=Get-User-Claim-Values Target=admin Data={"Claims":{},"Profile":"default"} Outcome=Success
TID: [-1234] [2021-07-17 18:45:17,070]  INFO {AUDIT_LOG} - Initiator=wso2.system.user Action=Get-User-Claim-Values Target=admin Data={"Claims":{},"Profile":"default"} Outcome=Success
TID: [-1234] [2021-07-17 18:45:17,085]  INFO {AUDIT_LOG} - Initiator=wso2.system.user Action=Get-User-Claim-Values Target=admin Data={"Claims":{},"Profile":"default"} Outcome=Success
TID: [-1234] [2021-07-17 18:45:17,288]  INFO {AUDIT_LOG} - Initiator=wso2.system.user Action=Get-User-Claim-Values Target=admin Data={"Claims":{},"Profile":"default"} Outcome=Success
TID: [-1234] [2021-07-17 18:45:17,290]  INFO {AUDIT_LOG} - Initiator=wso2.system.user Action=Get-User-Claim-Values Target=admin Data={"Claims":{},"Profile":"default"} Outcome=Success
TID: [-1234] [2021-07-17 18:45:17,291]  INFO {AUDIT_LOG} - Initiator=wso2.system.user Action=Get-User-Claim-Values Target=admin Data={"Claims":{},"Profile":"default"} Outcome=Success
TID: [-1234] [2021-07-17 18:45:17,296]  INFO {AUDIT_LOG} - Initiator=wso2.system.user Action=Get-User-Claim-Values Target=admin Data={"Claims":{},"Profile":"default"} Outcome=Success
TID: [-1234] [2021-07-17 18:45:17,327]  INFO {AUDIT_LOG} - Initiator=wso2.system.user Action=Get-User-Claim-Values Target=admin Data={"Claims":{},"Profile":"default"} Outcome=Success
TID: [-1234] [2021-07-17 18:45:17,333]  INFO {AUDIT_LOG} - Initiator=wso2.system.user Action=Get-User-Claim-Values Target=admin Data={"Claims":{},"Profile":"default"} Outcome=Success
TID: [-1234] [2021-07-17 18:45:17,353]  INFO {AUDIT_LOG} - Initiator=wso2.system.user Action=Get-User-Claim-Values Target=admin Data={"Claims":{},"Profile":"default"} Outcome=Success
TID: [-1234] [2021-07-17 18:45:17,561]  INFO {AUDIT_LOG} - Initiator=wso2.system.user Action=Get-Roles-of-User Target=admin Data={"Filter":"*","Roles":["Internal/subscriber","Internal/creator","Internal/publisher","Internal/everyone","Internal/devops","admin","Internal/analytics"]} Outcome=Success
TID: [-1234] [2021-07-17 18:52:02,849]  INFO {AUDIT_LOG} - Initiator=wso2.system.user Action=Get-User-Claim-Values Target=admin Data={"Claims":{},"Profile":"default"} Outcome=Success
TID: [-1234] [2021-07-17 18:52:02,849]  INFO {AUDIT_LOG} - Initiator=wso2.system.user Action=Get-User-Claim-Values Target=admin Data={"Claims":{},"Profile":"default"} Outcome=Success
TID: [-1234] [2021-07-17 18:52:02,849]  INFO {AUDIT_LOG} - Initiator=wso2.system.user Action=Get-User-Claim-Values Target=admin Data={"Claims":{},"Profile":"default"} Outcome=Success
TID: [-1234] [2021-07-17 18:52:02,850]  INFO {AUDIT_LOG} - Initiator=wso2.system.user Action=Get-User-Claim-Values Target=admin Data={"Claims":{},"Profile":"default"} Outcome=Success
TID: [-1234] [2021-07-17 18:52:02,849]  INFO {AUDIT_LOG} - Initiator=wso2.system.user Action=Get-User-Claim-Values Target=admin Data={"Claims":{},"Profile":"default"} Outcome=Success
TID: [-1234] [2021-07-17 18:52:02,980]  INFO {AUDIT_LOG} - Initiator=wso2.system.user Action=Get-User-Claim-Values Target=admin Data={"Claims":{},"Profile":"default"} Outcome=Success
TID: [-1234] [2021-07-17 18:52:02,983]  INFO {AUDIT_LOG} - Initiator=wso2.system.user Action=Get-User-Claim-Values Target=admin Data={"Claims":{},"Profile":"default"} Outcome=Success
TID: [-1234] [2021-07-17 18:52:02,987]  INFO {AUDIT_LOG} - Initiator=wso2.system.user Action=Get-User-Claim-Values Target=admin Data={"Claims":{},"Profile":"default"} Outcome=Success
TID: [-1234] [2021-07-17 18:52:03,193]  INFO {AUDIT_LOG} - Initiator=wso2.system.user Action=Get-User-Claim-Values Target=admin Data={"Claims":{},"Profile":"default"} Outcome=Success
TID: [-1234] [2021-07-17 18:52:03,200]  INFO {AUDIT_LOG} - Initiator=wso2.system.user Action=Get-User-Claim-Values Target=admin Data={"Claims":{},"Profile":"default"} Outcome=Success
TID: [-1234] [2021-07-17 18:52:03,205]  INFO {AUDIT_LOG} - Initiator=wso2.system.user Action=Get-User-Claim-Values Target=admin Data={"Claims":{},"Profile":"default"} Outcome=Success
TID: [-1234] [2021-07-17 18:52:03,211]  INFO {AUDIT_LOG} - Initiator=wso2.system.user Action=Get-User-Claim-Values Target=admin Data={"Claims":{},"Profile":"default"} Outcome=Success
TID: [-1234] [2021-07-17 18:52:03,232]  INFO {AUDIT_LOG} - Initiator=wso2.system.user Action=Get-User-Claim-Values Target=admin Data={"Claims":{},"Profile":"default"} Outcome=Success
TID: [-1234] [2021-07-17 18:52:03,245]  INFO {AUDIT_LOG} - Initiator=wso2.system.user Action=Get-User-Claim-Values Target=admin Data={"Claims":{},"Profile":"default"} Outcome=Success
TID: [-1234] [2021-07-17 18:52:03,248]  INFO {AUDIT_LOG} - Initiator=wso2.system.user Action=Get-User-Claim-Values Target=admin Data={"Claims":{},"Profile":"default"} Outcome=Success
TID: [-1234] [2021-07-17 18:52:03,371]  INFO {AUDIT_LOG} - Initiator=wso2.system.user Action=Get-Roles-of-User Target=admin Data={"Filter":"*","Roles":["Internal/subscriber","Internal/creator","Internal/publisher","Internal/everyone","Internal/devops","admin","Internal/analytics"]} Outcome=Success
TID: [-1234] [2021-07-17 19:01:47,596]  INFO {AUDIT_LOG} - Initiator=wso2.system.user Action=Get-User-Claim-Values Target=admin Data={"Claims":{},"Profile":"default"} Outcome=Success
TID: [-1234] [2021-07-17 19:01:47,597]  INFO {AUDIT_LOG} - Initiator=wso2.system.user Action=Get-User-Claim-Values Target=admin Data={"Claims":{},"Profile":"default"} Outcome=Success
TID: [-1234] [2021-07-17 19:01:47,597]  INFO {AUDIT_LOG} - Initiator=wso2.system.user Action=Get-User-Claim-Values Target=admin Data={"Claims":{},"Profile":"default"} Outcome=Success
TID: [-1234] [2021-07-17 19:01:47,596]  INFO {AUDIT_LOG} - Initiator=wso2.system.user Action=Get-User-Claim-Values Target=admin Data={"Claims":{},"Profile":"default"} Outcome=Success
TID: [-1234] [2021-07-17 19:01:47,598]  INFO {AUDIT_LOG} - Initiator=wso2.system.user Action=Get-User-Claim-Values Target=admin Data={"Claims":{},"Profile":"default"} Outcome=Success
TID: [-1234] [2021-07-17 19:01:47,666]  INFO {AUDIT_LOG} - Initiator=wso2.system.user Action=Get-User-Claim-Values Target=admin Data={"Claims":{},"Profile":"default"} Outcome=Success
TID: [-1234] [2021-07-17 19:01:47,673]  INFO {AUDIT_LOG} - Initiator=wso2.system.user Action=Get-User-Claim-Values Target=admin Data={"Claims":{},"Profile":"default"} Outcome=Success
TID: [-1234] [2021-07-17 19:01:47,688]  INFO {AUDIT_LOG} - Initiator=wso2.system.user Action=Get-User-Claim-Values Target=admin Data={"Claims":{},"Profile":"default"} Outcome=Success
TID: [-1234] [2021-07-17 19:01:47,701]  INFO {AUDIT_LOG} - Initiator=wso2.system.user Action=Get-User-Claim-Values Target=admin Data={"Claims":{},"Profile":"default"} Outcome=Success
TID: [-1234] [2021-07-17 19:01:47,705]  INFO {AUDIT_LOG} - Initiator=wso2.system.user Action=Get-User-Claim-Values Target=admin Data={"Claims":{},"Profile":"default"} Outcome=Success
TID: [-1234] [2021-07-17 19:01:47,707]  INFO {AUDIT_LOG} - Initiator=wso2.system.user Action=Get-User-Claim-Values Target=admin Data={"Claims":{},"Profile":"default"} Outcome=Success
TID: [-1234] [2021-07-17 19:01:47,710]  INFO {AUDIT_LOG} - Initiator=wso2.system.user Action=Get-User-Claim-Values Target=admin Data={"Claims":{},"Profile":"default"} Outcome=Success
TID: [-1234] [2021-07-17 19:01:47,712]  INFO {AUDIT_LOG} - Initiator=wso2.system.user Action=Get-User-Claim-Values Target=admin Data={"Claims":{},"Profile":"default"} Outcome=Success
TID: [-1234] [2021-07-17 19:01:47,713]  INFO {AUDIT_LOG} - Initiator=wso2.system.user Action=Get-User-Claim-Values Target=admin Data={"Claims":{},"Profile":"default"} Outcome=Success
TID: [-1234] [2021-07-17 19:01:47,714]  INFO {AUDIT_LOG} - Initiator=wso2.system.user Action=Get-User-Claim-Values Target=admin Data={"Claims":{},"Profile":"default"} Outcome=Success
TID: [-1234] [2021-07-17 19:01:47,717]  INFO {AUDIT_LOG} - Initiator=wso2.system.user Action=Get-User-Claim-Values Target=admin Data={"Claims":{},"Profile":"default"} Outcome=Success
TID: [-1234] [2021-07-17 19:01:47,719]  INFO {AUDIT_LOG} - Initiator=wso2.system.user Action=Get-User-Claim-Values Target=admin Data={"Claims":{},"Profile":"default"} Outcome=Success
TID: [-1234] [2021-07-17 19:01:47,721]  INFO {AUDIT_LOG} - Initiator=wso2.system.user Action=Get-User-Claim-Values Target=admin Data={"Claims":{},"Profile":"default"} Outcome=Success
TID: [-1234] [2021-07-17 19:01:47,722]  INFO {AUDIT_LOG} - Initiator=wso2.system.user Action=Get-User-Claim-Values Target=admin Data={"Claims":{},"Profile":"default"} Outcome=Success
TID: [-1234] [2021-07-17 19:01:47,726]  INFO {AUDIT_LOG} - Initiator=wso2.system.user Action=Get-User-Claim-Values Target=admin Data={"Claims":{},"Profile":"default"} Outcome=Success
TID: [-1234] [2021-07-17 19:01:47,812]  INFO {AUDIT_LOG} - Initiator=wso2.system.user Action=Get-User-Claim-Values Target=admin Data={"Claims":{},"Profile":"default"} Outcome=Success
TID: [-1234] [2021-07-17 19:01:47,817]  INFO {AUDIT_LOG} - Initiator=wso2.system.user Action=Get-User-Claim-Values Target=admin Data={"Claims":{},"Profile":"default"} Outcome=Success
TID: [-1234] [2021-07-17 19:01:47,826]  INFO {AUDIT_LOG} - Initiator=wso2.system.user Action=Get-User-Claim-Values Target=admin Data={"Claims":{},"Profile":"default"} Outcome=Success
TID: [-1234] [2021-07-17 19:01:48,052]  INFO {AUDIT_LOG} - Initiator=wso2.system.user Action=Get-User-Claim-Values Target=admin Data={"Claims":{},"Profile":"default"} Outcome=Success
TID: [-1234] [2021-07-17 19:01:48,062]  INFO {AUDIT_LOG} - Initiator=wso2.system.user Action=Get-User-Claim-Values Target=admin Data={"Claims":{},"Profile":"default"} Outcome=Success
TID: [-1234] [2021-07-17 19:01:48,063]  INFO {AUDIT_LOG} - Initiator=wso2.system.user Action=Get-User-Claim-Values Target=admin Data={"Claims":{},"Profile":"default"} Outcome=Success
TID: [-1234] [2021-07-17 19:01:48,094]  INFO {AUDIT_LOG} - Initiator=wso2.system.user Action=Get-User-Claim-Values Target=admin Data={"Claims":{},"Profile":"default"} Outcome=Success
TID: [-1234] [2021-07-17 19:01:48,120]  INFO {AUDIT_LOG} - Initiator=wso2.system.user Action=Get-User-Claim-Values Target=admin Data={"Claims":{},"Profile":"default"} Outcome=Success
TID: [-1234] [2021-07-17 19:01:48,123]  INFO {AUDIT_LOG} - Initiator=wso2.system.user Action=Get-User-Claim-Values Target=admin Data={"Claims":{},"Profile":"default"} Outcome=Success
TID: [-1234] [2021-07-17 19:01:48,125]  INFO {AUDIT_LOG} - Initiator=wso2.system.user Action=Get-User-Claim-Values Target=admin Data={"Claims":{},"Profile":"default"} Outcome=Success
TID: [-1234] [2021-07-17 19:01:48,434]  INFO {AUDIT_LOG} - Initiator=wso2.system.user Action=Get-Roles-of-User Target=admin Data={"Filter":"*","Roles":["Internal/subscriber","Internal/creator","Internal/publisher","Internal/everyone","Internal/devops","admin","Internal/analytics"]} Outcome=Success
TID: [-1234] [2021-07-17 19:01:51,873]  INFO {AUDIT_LOG} - Initiator=wso2.system.user Action=Get-User-Claim-Values Target=admin Data={"Claims":{},"Profile":"default"} Outcome=Success
TID: [-1234] [2021-07-17 19:01:51,877]  INFO {AUDIT_LOG} - Initiator=wso2.system.user Action=Get-User-Claim-Values Target=admin Data={"Claims":{},"Profile":"default"} Outcome=Success
TID: [-1234] [2021-07-17 19:01:54,943]  INFO {AUDIT_LOG} - Initiator=wso2.system.user Action=Get-User-Claim-Values Target=admin Data={"Claims":{},"Profile":"default"} Outcome=Success
TID: [-1234] [2021-07-17 19:01:55,366]  INFO {AUDIT_LOG} - Initiator=wso2.system.user Action=Get-User-Claim-Values Target=admin Data={"Claims":{},"Profile":"default"} Outcome=Success
TID: [-1234] [2021-07-17 19:01:55,814]  INFO {AUDIT_LOG} - Initiator=wso2.system.user Action=Get-User-Claim-Values Target=admin Data={"Claims":{},"Profile":"default"} Outcome=Success
TID: [-1234] [2021-07-17 19:04:40,748]  INFO {AUDIT_LOG} - Initiator=wso2.system.user Action=Get-User-Claim-Values Target=admin Data={"Claims":{},"Profile":"default"} Outcome=Success
TID: [-1234] [2021-07-17 19:04:40,934]  INFO {AUDIT_LOG} - Initiator : admin@carbon.super | Action : create | Target : 1 | Data : { apim_publisher } | Result : Success 
TID: [-1234] [2021-07-17 19:04:41,136]  INFO {AUDIT_LOG} - Initiator : admin@carbon.super | Action : update | Target : 1 | Data : { apim_publisher } | Result : Success 
TID: [-1234] [2021-07-17 19:05:00,573]  INFO {AUDIT_LOG} - Initiator=wso2.system.user Action=Get-User-Claim-Values Target=admin Data={"ServiceProviderName":"apim_publisher","Claims":{},"Profile":"default"} Outcome=Success
TID: [-1234] [2021-07-17 19:05:00,582]  INFO {AUDIT_LOG} - Initiator : admin | Action : LoginStepSuccess | Target : ApplicationAuthenticationFramework | Data : { "ContextIdentifier" : "e0eee11c-9777-4ae7-a728-c93765beeb50","AuthenticatedUser" : "admin","AuthenticatedUserTenantDomain" : "carbon.super","ServiceProviderName" : "apim_publisher","RequestType" : "oidc","RelyingParty" : "gpfJMPJZVJyEIxPCY2LVXnht5sca","AuthenticatedIdP" : "LOCAL","User Agent" : "null","RemoteAddress" : "null","UserStoreDomain" : "PRIMARY" } | Result : Success 
TID: [-1234] [2021-07-17 19:05:00,603]  INFO {AUDIT_LOG} - Initiator=wso2.system.user Action=Get-Roles-of-User Target=admin Data={"ServiceProviderName":"apim_publisher","Filter":"*","Roles":["Internal/subscriber","Internal/creator","Internal/publisher","Internal/everyone","Internal/devops","admin","Internal/analytics","Application/apim_publisher"]} Outcome=Success
TID: [-1234] [2021-07-17 19:05:00,605]  INFO {AUDIT_LOG} - Initiator=wso2.system.user Action=Get-User-Claim-Values Target=admin Data={"ServiceProviderName":"apim_publisher","Claims":{"http://wso2.org/claims/username":"admin","http://wso2.org/claims/userid":"134eac11-706d-46d3-8c1a-fae4f3bc44be","http://wso2.org/claims/role":"Internal/subscriber,Internal/creator,Internal/publisher,Internal/everyone,Internal/devops,admin,Internal/analytics,Application/apim_publisher","http://wso2.org/claims/userprincipal":"admin"}} Outcome=Success
TID: [-1234] [2021-07-17 19:05:00,813]  INFO {AUDIT_LOG} - Initiator : admin | Action : Login | Target : ApplicationAuthenticationFramework | Data : { "ContextIdentifier" : "e0eee11c-9777-4ae7-a728-c93765beeb50","AuthenticatedUser" : "admin","AuthenticatedUserTenantDomain" : "carbon.super","ServiceProviderName" : "apim_publisher","RequestType" : "oidc","RelyingParty" : "gpfJMPJZVJyEIxPCY2LVXnht5sca","AuthenticatedIdPs" : "eyJ0eXAiOiJKV1QiLCAiYWxnIjoiSFMyNTYifQ==.eyJpc3MiOiJ3c28yIiwiZXhwIjoxNjI2NTQxNTAwNTg4MzAwMCwiaWF0IjoxNjI2NTQxNTAwNTg4LCJpZHBzIjpbeyJpZHAiOiJMT0NBTCIsImF1dGhlbnRpY2F0b3IiOiJCYXNpY0F1dGhlbnRpY2F0b3IifV19.kDTFyviI0wN7k8UTypK35i9BKXQ=","User Agent" : "null","RemoteAddress" : "null","UserStoreDomain" : "PRIMARY" } | Result : Success 
TID: [-1234] [2021-07-17 19:05:02,576]  INFO {AUDIT_LOG} - Initiator=wso2.system.user Action=Get-User-Claim-Values Target=admin Data={"Claims":{},"Profile":"default"} Outcome=Success
TID: [-1234] [2021-07-17 19:09:56,869]  INFO {AUDIT_LOG} - {"performedBy":"admin","action":"created","typ":"API","info":"{\"provider\":\"admin\",\"name\":\"HelloWorld\",\"context\":\"\\\/hello\\\/1.0.0\",\"version\":\"1.0.0\"}"}
TID: [-1234] [2021-07-17 19:09:56,897]  INFO {AUDIT_LOG} - Initiator=wso2.system.user Action=Get-User-Claim-Values Target=admin Data={"Claims":{},"Profile":"default"} Outcome=Success
TID: [-1234] [2021-07-17 19:09:57,444]  INFO {AUDIT_LOG} - Initiator=wso2.system.user Action=Get-User-Claim-Values Target=admin Data={"Claims":{},"Profile":"default"} Outcome=Success
TID: [-1234] [2021-07-17 19:09:58,968]  INFO {AUDIT_LOG} - Initiator=wso2.system.user Action=Get-User-Claim-Values Target=admin Data={"Claims":{},"Profile":"default"} Outcome=Success
TID: [-1234] [2021-07-17 19:10:04,044]  INFO {AUDIT_LOG} - Initiator=wso2.system.user Action=Get-User-Claim-Values Target=admin Data={"Claims":{},"Profile":"default"} Outcome=Success
TID: [-1234] [2021-07-17 19:10:04,735]  INFO {AUDIT_LOG} - Initiator=wso2.system.user Action=Get-User-Claim-Values Target=admin Data={"Claims":{},"Profile":"default"} Outcome=Success
TID: [-1234] [2021-07-17 19:11:04,213]  INFO {AUDIT_LOG} - Initiator=wso2.system.user Action=Get-User-Claim-Values Target=admin Data={"Claims":{},"Profile":"default"} Outcome=Success
TID: [-1234] [2021-07-17 19:11:04,228]  INFO {AUDIT_LOG} - Initiator : admin@carbon.super | Action : create | Target : 2 | Data : { apim_devportal } | Result : Success 
TID: [-1234] [2021-07-17 19:11:04,248]  INFO {AUDIT_LOG} - Initiator : admin@carbon.super | Action : update | Target : 2 | Data : { apim_devportal } | Result : Success 
TID: [-1234] [2021-07-17 19:11:04,348]  INFO {AUDIT_LOG} - Initiator=wso2.system.user Action=Get-Roles-of-User Target=admin Data={"ServiceProviderName":"apim_devportal","Filter":"*","Roles":["Internal/subscriber","Internal/creator","Application/apim_devportal","Internal/publisher","Internal/everyone","Internal/devops","admin","Internal/analytics","Application/apim_publisher"]} Outcome=Success
TID: [-1234] [2021-07-17 19:11:04,348]  INFO {AUDIT_LOG} - Initiator=wso2.system.user Action=Get-User-Claim-Values Target=admin Data={"ServiceProviderName":"apim_devportal","Claims":{"http://wso2.org/claims/username":"admin","http://wso2.org/claims/userid":"134eac11-706d-46d3-8c1a-fae4f3bc44be","http://wso2.org/claims/role":"Internal/subscriber,Internal/creator,Application/apim_devportal,Internal/publisher,Internal/everyone,Internal/devops,admin,Internal/analytics,Application/apim_publisher","http://wso2.org/claims/userprincipal":"admin"}} Outcome=Success
TID: [-1234] [2021-07-17 19:11:04,371]  INFO {AUDIT_LOG} - Initiator : admin | Action : Login | Target : ApplicationAuthenticationFramework | Data : { "ContextIdentifier" : "e9c561f2-c703-42d6-95dc-411443822696","AuthenticatedUser" : "admin","AuthenticatedUserTenantDomain" : "carbon.super","ServiceProviderName" : "apim_devportal","RequestType" : "oidc","RelyingParty" : "Ar8vNIyByYZKBgid_uMBxuLW5E0a","AuthenticatedIdPs" : "eyJ0eXAiOiJKV1QiLCAiYWxnIjoiSFMyNTYifQ==.eyJpc3MiOiJ3c28yIiwiZXhwIjoxNjI2NTQxODY0MzQyMzAwMCwiaWF0IjoxNjI2NTQxODY0MzQyLCJpZHBzIjpbeyJpZHAiOiJMT0NBTCIsImF1dGhlbnRpY2F0b3IiOiJCYXNpY0F1dGhlbnRpY2F0b3IifV19.flsroXm/FMJFcxFDgjhyvYaKjxo=","User Agent" : "null","RemoteAddress" : "null","UserStoreDomain" : "PRIMARY" } | Result : Success 
TID: [-1234] [2021-07-17 19:11:05,865]  INFO {AUDIT_LOG} - Initiator=wso2.system.user Action=Get-User-Claim-Values Target=admin Data={"Claims":{},"Profile":"default"} Outcome=Success
TID: [-1234] [2021-07-17 19:11:06,008]  INFO {AUDIT_LOG} - Initiator=admin@carbon.super Action=Get-User-Claim-Values Target=admin Data={"Claims":{"http://wso2.org/claims/username":"admin","http://wso2.org/claims/userid":"134eac11-706d-46d3-8c1a-fae4f3bc44be","http://wso2.org/claims/role":"Internal/subscriber,Internal/creator,Application/apim_devportal,Internal/publisher,Internal/everyone,Internal/devops,admin,Internal/analytics,Application/apim_publisher","http://wso2.org/claims/userprincipal":"admin"}} Outcome=Success
TID: [-1234] [2021-07-17 19:11:06,211]  INFO {AUDIT_LOG} - Initiator=wso2.system.user Action=Get-User-Claim-Values Target=admin Data={"Claims":{},"Profile":"default"} Outcome=Success
TID: [-1234] [2021-07-17 19:11:07,302]  INFO {AUDIT_LOG} - Initiator=wso2.system.user Action=Get-User-Claim-Values Target=admin Data={"ServiceProviderName":"apim_publisher","Claims":{"http://wso2.org/claims/username":"admin","http://wso2.org/claims/userid":"134eac11-706d-46d3-8c1a-fae4f3bc44be","http://wso2.org/claims/role":"Internal/subscriber,Internal/creator,Application/apim_devportal,Internal/publisher,Internal/everyone,Internal/devops,admin,Internal/analytics,Application/apim_publisher","http://wso2.org/claims/userprincipal":"admin"}} Outcome=Success
TID: [-1234] [2021-07-17 19:11:07,377]  INFO {AUDIT_LOG} - Initiator : admin | Action : Login | Target : ApplicationAuthenticationFramework | Data : { "ContextIdentifier" : "814ba1fa-0b85-470d-a0f0-aa4a501e7e0d","AuthenticatedUser" : "admin","AuthenticatedUserTenantDomain" : "carbon.super","ServiceProviderName" : "apim_publisher","RequestType" : "oidc","RelyingParty" : "gpfJMPJZVJyEIxPCY2LVXnht5sca","AuthenticatedIdPs" : "eyJ0eXAiOiJKV1QiLCAiYWxnIjoiSFMyNTYifQ==.eyJpc3MiOiJ3c28yIiwiZXhwIjoxNjI2NTQxODY3Mjk5MzAwMCwiaWF0IjoxNjI2NTQxODY3Mjk5LCJpZHBzIjpbeyJpZHAiOiJMT0NBTCIsImF1dGhlbnRpY2F0b3IiOiJCYXNpY0F1dGhlbnRpY2F0b3IifV19.7QwH8BkqkxqeqRTdCgnhXCzWvc4=","User Agent" : "null","RemoteAddress" : "null","UserStoreDomain" : "PRIMARY" } | Result : Success 
TID: [-1234] [2021-07-17 19:11:56,802]  INFO {AUDIT_LOG} - {"performedBy":"admin","action":"created","typ":"Subscription","info":"{\"application_name\":\"DefaultApplication\",\"tier\":\"Unlimited\",\"provider\":\"admin\",\"api_name\":\"HelloWorld\",\"application_id\":1}"}
TID: [-1234] [2021-07-17 19:11:56,931]  INFO {AUDIT_LOG} - Initiator=wso2.system.user Action=Get-User-Claim-Values Target=admin Data={"Claims":{},"Profile":"default"} Outcome=Success
TID: [-1234] [2021-07-17 19:11:56,941]  INFO {AUDIT_LOG} - Initiator=wso2.system.user Action=Get-User-Claim-Values Target=admin Data={"Claims":{},"Profile":"default"} Outcome=Success
TID: [-1234] [2021-07-17 19:11:56,952]  INFO {AUDIT_LOG} - Initiator=wso2.system.user Action=Get-User-Claim-Values Target=admin Data={"Claims":{},"Profile":"default"} Outcome=Success
TID: [-1234] [2021-07-17 19:11:57,413]  INFO {AUDIT_LOG} - Initiator : admin@carbon.super | Action : create | Target : 3 | Data : { admin_b1cf165d-12e3-4898-9ca5-b26faf7dad13_SANDBOX } | Result : Success 
TID: [-1234] [2021-07-17 19:11:57,426]  INFO {AUDIT_LOG} - Initiator : admin@carbon.super | Action : update | Target : 3 | Data : { admin_b1cf165d-12e3-4898-9ca5-b26faf7dad13_SANDBOX } | Result : Success 
TID: [-1234] [2021-07-17 19:11:57,564]  INFO {AUDIT_LOG} - Initiator=wso2.system.user Action=Get-Roles-of-User Target=admin Data={"Filter":"*","Roles":["Internal/subscriber","Internal/creator","Application/admin_b1cf165d-12e3-4898-9ca5-b26faf7dad13_SANDBOX","Application/apim_devportal","Internal/publisher","Internal/everyone","Internal/devops","admin","Internal/analytics","Application/apim_publisher"]} Outcome=Success
TID: [-1234] [2021-07-17 19:11:57,584]  INFO {AUDIT_LOG} - {"performedBy":"admin","action":"updated","typ":"Application","info":"{\"Generated keys for application\":\"DefaultApplication\"}"}
TID: [-1234] [2021-07-17 19:13:58,294]  INFO {AUDIT_LOG} - {"performedBy":"admin","action":"updated","typ":"Application","info":"{\"Re-Generated Keys for application with client Id\":\"gLwG9uDHMDp9mS1ObGrWOAsbioEa\"}"}
TID: [-1234] [2021-07-17 19:17:04,272]  INFO {AUDIT_LOG} - {"performedBy":"admin","action":"created","typ":"Application","info":"{\"owner\":\"admin\",\"tier\":\"10PerMin\",\"name\":\"Greetings\",\"groups\":null,\"callbackURL\":null}"}
TID: [-1234] [2021-07-17 19:17:04,402]  INFO {AUDIT_LOG} - Initiator=wso2.system.user Action=Get-User-Claim-Values Target=admin Data={"Claims":{},"Profile":"default"} Outcome=Success
TID: [-1234] [2021-07-17 19:17:37,746]  INFO {AUDIT_LOG} - Initiator=admin@carbon.super Action=Get-Roles-of-User Target=admin Data={"UserName":"admin","Filter":"*","Roles":["Internal/subscriber","Internal/creator","Application/admin_b1cf165d-12e3-4898-9ca5-b26faf7dad13_SANDBOX","Application/apim_devportal","Internal/publisher","Internal/everyone","Internal/devops","admin","Internal/analytics","Application/apim_publisher"]} Outcome=Success
TID: [-1234] [2021-07-17 19:17:37,754]  INFO {AUDIT_LOG} - {"performedBy":"admin","action":"created","typ":"Subscription","info":"{\"application_name\":\"Greetings\",\"tier\":\"Unlimited\",\"provider\":\"admin\",\"api_name\":\"HelloWorld\",\"application_id\":2}"}
TID: [-1234] [2021-07-17 19:17:37,849]  INFO {AUDIT_LOG} - Initiator=wso2.system.user Action=Get-User-Claim-Values Target=admin Data={"Claims":{},"Profile":"default"} Outcome=Success
TID: [-1234] [2021-07-17 19:17:37,862]  INFO {AUDIT_LOG} - Initiator=wso2.system.user Action=Get-User-Claim-Values Target=admin Data={"Claims":{},"Profile":"default"} Outcome=Success
TID: [-1234] [2021-07-17 19:18:11,065]  INFO {AUDIT_LOG} - Initiator=wso2.system.user Action=Get-User-Claim-Values Target=admin Data={"Claims":{},"Profile":"default"} Outcome=Success
TID: [-1234] [2021-07-17 19:18:11,104]  INFO {AUDIT_LOG} - Initiator : admin@carbon.super | Action : create | Target : 4 | Data : { admin_8e856073-aab7-4edd-a9cd-bd9c9a789c66_SANDBOX } | Result : Success 
TID: [-1234] [2021-07-17 19:18:11,134]  INFO {AUDIT_LOG} - Initiator : admin@carbon.super | Action : update | Target : 4 | Data : { admin_8e856073-aab7-4edd-a9cd-bd9c9a789c66_SANDBOX } | Result : Success 
TID: [-1234] [2021-07-17 19:18:11,181]  INFO {AUDIT_LOG} - Initiator=wso2.system.user Action=Get-Roles-of-User Target=admin Data={"Filter":"*","Roles":["Internal/subscriber","Application/admin_8e856073-aab7-4edd-a9cd-bd9c9a789c66_SANDBOX","Internal/creator","Application/admin_b1cf165d-12e3-4898-9ca5-b26faf7dad13_SANDBOX","Application/apim_devportal","Internal/publisher","Internal/everyone","Internal/devops","admin","Internal/analytics","Application/apim_publisher"]} Outcome=Success
TID: [-1234] [2021-07-17 19:18:11,196]  INFO {AUDIT_LOG} - {"performedBy":"admin","action":"updated","typ":"Application","info":"{\"Generated keys for application\":\"Greetings\"}"}
TID: [-1234] [2021-07-17 19:18:11,269]  INFO {AUDIT_LOG} - Initiator=wso2.system.user Action=Get-User-Claim-Values Target=admin Data={"Claims":{},"Profile":"default"} Outcome=Success
TID: [-1234] [2021-07-17 19:18:26,912]  INFO {AUDIT_LOG} - {"performedBy":"admin","action":"updated","typ":"Application","info":"{\"Re-Generated Keys for application with client Id\":\"SzITzcdITez7R87N0mTwAbis84Qa\"}"}
TID: [-1234] [2021-07-17 19:23:50,231]  INFO {AUDIT_LOG} - Initiator=wso2.system.user Action=Get-User-Claim-Values Target=admin Data={"Claims":{},"Profile":"default"} Outcome=Success
TID: [-1234] [2021-07-17 19:23:50,251]  INFO {AUDIT_LOG} - Initiator : admin@carbon.super | Action : create | Target : 5 | Data : { admin_8e856073-aab7-4edd-a9cd-bd9c9a789c66_PRODUCTION } | Result : Success 
TID: [-1234] [2021-07-17 19:23:50,269]  INFO {AUDIT_LOG} - Initiator : admin@carbon.super | Action : update | Target : 5 | Data : { admin_8e856073-aab7-4edd-a9cd-bd9c9a789c66_PRODUCTION } | Result : Success 
TID: [-1234] [2021-07-17 19:23:50,299]  INFO {AUDIT_LOG} - Initiator=wso2.system.user Action=Get-Roles-of-User Target=admin Data={"Filter":"*","Roles":["Internal/subscriber","Application/admin_8e856073-aab7-4edd-a9cd-bd9c9a789c66_SANDBOX","Internal/creator","Application/admin_b1cf165d-12e3-4898-9ca5-b26faf7dad13_SANDBOX","Application/apim_devportal","Internal/publisher","Internal/everyone","Internal/devops","admin","Internal/analytics","Application/apim_publisher","Application/admin_8e856073-aab7-4edd-a9cd-bd9c9a789c66_PRODUCTION"]} Outcome=Success
TID: [-1234] [2021-07-17 19:23:50,312]  INFO {AUDIT_LOG} - {"performedBy":"admin","action":"updated","typ":"Application","info":"{\"Generated keys for application\":\"Greetings\"}"}
TID: [-1234] [2021-07-17 19:23:50,367]  INFO {AUDIT_LOG} - Initiator=wso2.system.user Action=Get-User-Claim-Values Target=admin Data={"Claims":{},"Profile":"default"} Outcome=Success
TID: [-1234] [2021-07-17 19:24:26,239]  INFO {AUDIT_LOG} - Initiator : admin@carbon.super | Action : update | Target : 5 | Data : { admin_8e856073-aab7-4edd-a9cd-bd9c9a789c66_PRODUCTION } | Result : Success 
TID: [-1234] [2021-07-17 19:24:26,257]  INFO {AUDIT_LOG} - {"performedBy":"admin","action":"updated","typ":"Application","info":"{\"application_name\":\"admin_8e856073-aab7-4edd-a9cd-bd9c9a789c66_PRODUCTION\",\"Updated Oauth app with grant types\":\"{\\\"grant_types\\\":\\\"refresh_token,urn:ietf:params:oauth:grant-type:saml2-bearer,password,client_credentials,iwa:ntlm,urn:ietf:params:oauth:grant-type:jwt-bearer\\\",\\\"username\\\":\\\"admin\\\",\\\"additionalProperties\\\":\\\"{\\\\\\\"id_token_expiry_time\\\\\\\":3600,\\\\\\\"application_access_token_expiry_time\\\\\\\":3600,\\\\\\\"user_access_token_expiry_time\\\\\\\":3600,\\\\\\\"refresh_token_expiry_time\\\\\\\":86400}\\\"}\",\"Updated Oauth app with Call back URL\":\"\"}"}
TID: [-1234] [2021-07-17 19:25:32,682]  INFO {AUDIT_LOG} - {"performedBy":"admin","action":"updated","typ":"Application","info":"{\"Re-Generated Keys for application with client Id\":\"SzITzcdITez7R87N0mTwAbis84Qa\"}"}
TID: [-1234] [2021-07-17 19:26:24,050]  INFO {AUDIT_LOG} - {"performedBy":"admin","action":"deleted","typ":"Application","info":"{\"owner\":\"admin\",\"tier\":\"10PerMin\",\"name\":\"Greetings\",\"groups\":null,\"callbackURL\":null}"}
TID: [-1234] [2021-07-17 19:26:24,151]  INFO {AUDIT_LOG} - Initiator=wso2.system.user Action=Get-User-Claim-Values Target=admin Data={"Claims":{},"Profile":"default"} Outcome=Success
TID: [-1234] [2021-07-17 19:26:24,154]  INFO {AUDIT_LOG} - Initiator=wso2.system.user Action=Get-User-Claim-Values Target=admin Data={"Claims":{},"Profile":"default"} Outcome=Success
TID: [-1234] [2021-07-17 19:26:24,159]  INFO {AUDIT_LOG} - Initiator=wso2.system.user Action=Get-User-Claim-Values Target=admin Data={"Claims":{},"Profile":"default"} Outcome=Success
TID: [-1234] [2021-07-17 19:28:08,638]  INFO {AUDIT_LOG} - {"performedBy":"admin","action":"created","typ":"Application","info":"{\"owner\":\"admin\",\"tier\":\"50PerMin\",\"name\":\"Greetings\",\"groups\":null,\"callbackURL\":null}"}
TID: [-1234] [2021-07-17 19:28:08,714]  INFO {AUDIT_LOG} - Initiator=wso2.system.user Action=Get-User-Claim-Values Target=admin Data={"Claims":{},"Profile":"default"} Outcome=Success
TID: [-1234] [2021-07-17 19:28:15,353]  INFO {AUDIT_LOG} - {"performedBy":"admin","action":"created","typ":"Subscription","info":"{\"application_name\":\"Greetings\",\"tier\":\"Unlimited\",\"provider\":\"admin\",\"api_name\":\"HelloWorld\",\"application_id\":3}"}
TID: [-1234] [2021-07-17 19:28:15,421]  INFO {AUDIT_LOG} - Initiator=wso2.system.user Action=Get-User-Claim-Values Target=admin Data={"Claims":{},"Profile":"default"} Outcome=Success
TID: [-1234] [2021-07-17 19:28:15,424]  INFO {AUDIT_LOG} - Initiator=wso2.system.user Action=Get-User-Claim-Values Target=admin Data={"Claims":{},"Profile":"default"} Outcome=Success
TID: [-1234] [2021-07-17 19:28:41,775]  INFO {AUDIT_LOG} - Initiator=wso2.system.user Action=Get-User-Claim-Values Target=admin Data={"Claims":{},"Profile":"default"} Outcome=Success
TID: [-1234] [2021-07-17 19:28:41,797]  INFO {AUDIT_LOG} - Initiator : admin@carbon.super | Action : create | Target : 6 | Data : { admin_6c1ccc93-1a08-4c51-bba1-fbb743053e71_SANDBOX } | Result : Success 
TID: [-1234] [2021-07-17 19:28:41,830]  INFO {AUDIT_LOG} - Initiator : admin@carbon.super | Action : update | Target : 6 | Data : { admin_6c1ccc93-1a08-4c51-bba1-fbb743053e71_SANDBOX } | Result : Success 
TID: [-1234] [2021-07-17 19:28:41,858]  INFO {AUDIT_LOG} - Initiator=wso2.system.user Action=Get-Roles-of-User Target=admin Data={"Filter":"*","Roles":["Internal/everyone","admin","Application/apim_publisher","Application/admin_8e856073-aab7-4edd-a9cd-bd9c9a789c66_PRODUCTION","Internal/subscriber","Application/admin_8e856073-aab7-4edd-a9cd-bd9c9a789c66_SANDBOX","Application/admin_6c1ccc93-1a08-4c51-bba1-fbb743053e71_SANDBOX","Internal/creator","Application/admin_b1cf165d-12e3-4898-9ca5-b26faf7dad13_SANDBOX","Application/apim_devportal","Internal/publisher","Internal/devops","Internal/analytics"]} Outcome=Success
TID: [-1234] [2021-07-17 19:28:41,877]  INFO {AUDIT_LOG} - {"performedBy":"admin","action":"updated","typ":"Application","info":"{\"Generated keys for application\":\"Greetings\"}"}
TID: [-1234] [2021-07-17 19:28:41,922]  INFO {AUDIT_LOG} - Initiator=wso2.system.user Action=Get-User-Claim-Values Target=admin Data={"Claims":{},"Profile":"default"} Outcome=Success
TID: [-1234] [2021-07-17 19:28:51,184]  INFO {AUDIT_LOG} - {"performedBy":"admin","action":"updated","typ":"Application","info":"{\"Re-Generated Keys for application with client Id\":\"_9SOsRKICdwYVeuFAWK6vNgNCWUa\"}"}
TID: [-1234] [2021-07-17 19:29:30,783]  INFO {AUDIT_LOG} - {"performedBy":"admin","action":"updated","typ":"Application","info":"{\"Re-Generated Keys for application with client Id\":\"gLwG9uDHMDp9mS1ObGrWOAsbioEa\"}"}
TID: [-1234] [2021-07-17 19:32:32,019]  INFO {AUDIT_LOG} - Initiator=wso2.system.user Action=Get-User-Claim-Values Target=admin Data={"Claims":{},"Profile":"default"} Outcome=Success
TID: [-1234] [2021-07-17 19:45:36,985]  INFO {AUDIT_LOG} - Initiator=wso2.system.user Action=Get-User-Claim-Values Target=admin Data={"Claims":{},"Profile":"default"} Outcome=Success
TID: [-1234] [2021-07-17 19:45:36,991]  INFO {AUDIT_LOG} - Initiator : admin@carbon.super | Action : create | Target : 7 | Data : { rest_api_import_export } | Result : Success 
TID: [-1234] [2021-07-17 19:45:37,006]  INFO {AUDIT_LOG} - Initiator : admin@carbon.super | Action : update | Target : 7 | Data : { rest_api_import_export } | Result : Success 
TID: [-1234] [2021-07-17 19:45:37,053]  INFO {AUDIT_LOG} - Initiator=wso2.system.user Action=Get-User-Claim-Values Target=admin Data={"Claims":{},"UserName":"admin","Profile":"default"} Outcome=Success
TID: [-1234] [2021-07-17 19:45:37,099]  INFO {AUDIT_LOG} - Initiator=wso2.system.user Action=Get-Roles-of-User Target=admin Data={"UserName":"admin","Filter":"*","Roles":["Internal/everyone","admin","Application/apim_publisher","Application/admin_8e856073-aab7-4edd-a9cd-bd9c9a789c66_PRODUCTION","Application/rest_api_import_export","Internal/subscriber","Application/admin_8e856073-aab7-4edd-a9cd-bd9c9a789c66_SANDBOX","Application/admin_6c1ccc93-1a08-4c51-bba1-fbb743053e71_SANDBOX","Internal/creator","Application/admin_b1cf165d-12e3-4898-9ca5-b26faf7dad13_SANDBOX","Application/apim_devportal","Internal/publisher","Internal/devops","Internal/analytics"]} Outcome=Success
TID: [-1234] [2021-07-17 19:45:37,102]  INFO {AUDIT_LOG} - Initiator : admin | Action : PostTokenIssue | Target : PasswordGrantAuditLogger | Data : { "AuthenticatedUser" : "admin","AuthenticatedUserStoreDomain" : "PRIMARY","AuthenticatedUserTenantDomain" : "carbon.super","ServiceProvider" : "rest_api_import_export","RequestType" : "oauth2","RelyingParty" : "bWL8gagujkxL3PCT8exey2kqCOga" } | Result : Success 
TID: [-1234] [2021-07-17 19:45:37,618]  INFO {AUDIT_LOG} - {"performedBy":"admin","action":"created","typ":"API","info":"{\"provider\":\"admin\",\"name\":\"SwaggerPetstore\",\"context\":\"\\\/SwaggerPetstore\\\/1.0.0\",\"version\":\"1.0.0\"}"}
TID: [-1234] [2021-07-17 19:45:37,638]  INFO {AUDIT_LOG} - Initiator=wso2.system.user Action=Get-User-Claim-Values Target=admin Data={"Claims":{},"Profile":"default"} Outcome=Success
TID: [-1234] [2021-07-17 19:45:37,702]  INFO {AUDIT_LOG} - Initiator=wso2.system.user Action=Get-User-Claim-Values Target=admin Data={"Claims":{},"Profile":"default"} Outcome=Success
TID: [-1234] [2021-07-17 19:45:37,850]  INFO {AUDIT_LOG} - Initiator=wso2.system.user Action=Get-User-Claim-Values Target=admin Data={"Claims":{},"UserName":"admin","Profile":"default"} Outcome=Success
TID: [-1234] [2021-07-17 19:45:37,998]  INFO {AUDIT_LOG} - Initiator=wso2.system.user Action=Get-User-Claim-Values Target=admin Data={"Claims":{},"Profile":"default"} Outcome=Success
TID: [-1234] [2021-07-17 19:45:38,488]  INFO {AUDIT_LOG} - Initiator=wso2.system.user Action=Get-User-Claim-Values Target=admin Data={"Claims":{},"Profile":"default"} Outcome=Success
TID: [-1234] [2021-07-17 19:45:38,498]  INFO {AUDIT_LOG} - Initiator=wso2.system.user Action=Get-User-Claim-Values Target=admin Data={"Claims":{},"Profile":"default"} Outcome=Success
TID: [-1234] [2021-07-17 19:45:38,644]  INFO {AUDIT_LOG} - {"performedBy":"admin","action":"updated","typ":"API","info":"{\"provider\":\"admin\",\"name\":\"SwaggerPetstore\",\"context\":\"\\\/SwaggerPetstore\\\/1.0.0\",\"version\":\"1.0.0\"}"}
TID: [-1234] [2021-07-17 19:45:39,291]  INFO {AUDIT_LOG} - Initiator=wso2.system.user Action=Get-User-Claim-Values Target=admin Data={"Claims":{},"Profile":"default"} Outcome=Success
TID: [-1234] [2021-07-17 19:45:39,332]  INFO {AUDIT_LOG} - Initiator=wso2.system.user Action=Get-User-Claim-Values Target=admin Data={"Claims":{},"Profile":"default"} Outcome=Success
TID: [-1234] [2021-07-17 19:45:39,485]  INFO {AUDIT_LOG} - Initiator=wso2.system.user Action=Get-User-Claim-Values Target=admin Data={"Claims":{},"Profile":"default"} Outcome=Success
TID: [-1234] [2021-07-17 19:45:44,529]  INFO {AUDIT_LOG} - Initiator=wso2.system.user Action=Get-User-Claim-Values Target=admin Data={"Claims":{},"Profile":"default"} Outcome=Success
TID: [-1234] [2021-07-17 19:50:36,176]  INFO {AUDIT_LOG} - Initiator=wso2.system.user Action=Get-User-Claim-Values Target=admin Data={"Claims":{},"Profile":"default"} Outcome=Success
TID: [-1234] [2021-07-17 19:50:36,183]  INFO {AUDIT_LOG} - Initiator : admin@carbon.super | Action : create | Target : 8 | Data : { rest_api_devportal } | Result : Success 
TID: [-1234] [2021-07-17 19:50:36,194]  INFO {AUDIT_LOG} - Initiator : admin@carbon.super | Action : update | Target : 8 | Data : { rest_api_devportal } | Result : Success 
TID: [-1234] [2021-07-17 19:50:36,221]  INFO {AUDIT_LOG} - Initiator=wso2.system.user Action=Get-User-Claim-Values Target=admin Data={"Claims":{},"UserName":"admin","Profile":"default"} Outcome=Success
TID: [-1234] [2021-07-17 19:50:36,226]  INFO {AUDIT_LOG} - Initiator=wso2.system.user Action=Get-Roles-of-User Target=admin Data={"UserName":"admin","Filter":"*","Roles":["Internal/everyone","admin","Application/apim_publisher","Application/rest_api_devportal","Application/admin_8e856073-aab7-4edd-a9cd-bd9c9a789c66_PRODUCTION","Application/rest_api_import_export","Internal/subscriber","Application/admin_8e856073-aab7-4edd-a9cd-bd9c9a789c66_SANDBOX","Application/admin_6c1ccc93-1a08-4c51-bba1-fbb743053e71_SANDBOX","Internal/creator","Application/admin_b1cf165d-12e3-4898-9ca5-b26faf7dad13_SANDBOX","Application/apim_devportal","Internal/publisher","Internal/devops","Internal/analytics"]} Outcome=Success
TID: [-1234] [2021-07-17 19:50:36,228]  INFO {AUDIT_LOG} - Initiator : admin | Action : PostTokenIssue | Target : PasswordGrantAuditLogger | Data : { "AuthenticatedUser" : "admin","AuthenticatedUserStoreDomain" : "PRIMARY","AuthenticatedUserTenantDomain" : "carbon.super","ServiceProvider" : "rest_api_devportal","RequestType" : "oauth2","RelyingParty" : "ZzzjxbK72hFHdty39EKsAY_GIvga" } | Result : Success 
TID: [-1234] [2021-07-17 19:50:36,497]  INFO {AUDIT_LOG} - {"performedBy":"admin","action":"created","typ":"Application","info":"{\"owner\":\"admin\",\"tier\":\"10PerMin\",\"name\":\"default-apictl-app\",\"groups\":null,\"callbackURL\":null}"}
TID: [-1234] [2021-07-17 19:50:36,544]  INFO {AUDIT_LOG} - Initiator=wso2.system.user Action=Get-User-Claim-Values Target=admin Data={"Claims":{},"Profile":"default"} Outcome=Success
TID: [-1234] [2021-07-17 19:50:36,644]  INFO {AUDIT_LOG} - {"performedBy":"admin","action":"created","typ":"Subscription","info":"{\"application_name\":\"default-apictl-app\",\"tier\":\"Unlimited\",\"provider\":\"admin\",\"api_name\":\"SwaggerPetstore\",\"application_id\":4}"}
TID: [-1234] [2021-07-17 19:50:36,847]  INFO {AUDIT_LOG} - Initiator=wso2.system.user Action=Get-User-Claim-Values Target=admin Data={"Claims":{},"Profile":"default"} Outcome=Success
TID: [-1234] [2021-07-17 19:50:36,855]  INFO {AUDIT_LOG} - Initiator : admin@carbon.super | Action : create | Target : 9 | Data : { admin_1b11b328-0502-47bc-8ab4-442545eeb7a4_PRODUCTION } | Result : Success 
TID: [-1234] [2021-07-17 19:50:36,866]  INFO {AUDIT_LOG} - Initiator : admin@carbon.super | Action : update | Target : 9 | Data : { admin_1b11b328-0502-47bc-8ab4-442545eeb7a4_PRODUCTION } | Result : Success 
TID: [-1234] [2021-07-17 19:50:36,911]  INFO {AUDIT_LOG} - Initiator=wso2.system.user Action=Get-Roles-of-User Target=admin Data={"Filter":"*","Roles":["Internal/everyone","admin","Application/apim_publisher","Application/rest_api_devportal","Application/admin_8e856073-aab7-4edd-a9cd-bd9c9a789c66_PRODUCTION","Application/rest_api_import_export","Internal/subscriber","Application/admin_8e856073-aab7-4edd-a9cd-bd9c9a789c66_SANDBOX","Application/admin_6c1ccc93-1a08-4c51-bba1-fbb743053e71_SANDBOX","Internal/creator","Application/admin_b1cf165d-12e3-4898-9ca5-b26faf7dad13_SANDBOX","Application/admin_1b11b328-0502-47bc-8ab4-442545eeb7a4_PRODUCTION","Application/apim_devportal","Internal/publisher","Internal/devops","Internal/analytics"]} Outcome=Success
TID: [-1234] [2021-07-17 19:50:36,925]  INFO {AUDIT_LOG} - {"performedBy":"admin","action":"updated","typ":"Application","info":"{\"Generated keys for application\":\"default-apictl-app\"}"}
TID: [-1234] [2021-07-17 19:51:39,802]  INFO {AUDIT_LOG} - Initiator=wso2.system.user Action=Get-User-Claim-Values Target=admin Data={"Claims":{},"Profile":"default"} Outcome=Success
TID: [-1234] [2021-07-17 19:59:13,831]  INFO {AUDIT_LOG} - Initiator=admin@carbon.super Action=Get-Roles-of-User Target=admin Data={"UserName":"admin","Filter":"*","Roles":["Internal/everyone","admin","Application/apim_publisher","Application/rest_api_devportal","Application/admin_8e856073-aab7-4edd-a9cd-bd9c9a789c66_PRODUCTION","Application/rest_api_import_export","Internal/subscriber","Application/admin_8e856073-aab7-4edd-a9cd-bd9c9a789c66_SANDBOX","Application/admin_6c1ccc93-1a08-4c51-bba1-fbb743053e71_SANDBOX","Internal/creator","Application/admin_b1cf165d-12e3-4898-9ca5-b26faf7dad13_SANDBOX","Application/admin_1b11b328-0502-47bc-8ab4-442545eeb7a4_PRODUCTION","Application/apim_devportal","Internal/publisher","Internal/devops","Internal/analytics"]} Outcome=Success
TID: [-1234] [2021-07-17 20:01:24,858]  INFO {AUDIT_LOG} - {"performedBy":"admin","action":"created","typ":"API","info":"{\"provider\":\"admin\",\"name\":\"FacilityLevels\",\"context\":\"\\\/facilityLevels\\\/1.0.0\",\"version\":\"1.0.0\"}"}
TID: [-1234] [2021-07-17 20:01:24,922]  INFO {AUDIT_LOG} - Initiator=wso2.system.user Action=Get-User-Claim-Values Target=admin Data={"Claims":{},"Profile":"default"} Outcome=Success
TID: [-1234] [2021-07-17 20:01:26,413]  INFO {AUDIT_LOG} - Initiator=wso2.system.user Action=Get-User-Claim-Values Target=admin Data={"Claims":{},"Profile":"default"} Outcome=Success
TID: [-1234] [2021-07-17 20:01:31,454]  INFO {AUDIT_LOG} - Initiator=wso2.system.user Action=Get-User-Claim-Values Target=admin Data={"Claims":{},"UserName":"admin","Profile":"default"} Outcome=Success
TID: [-1234] [2021-07-17 20:01:31,613]  INFO {AUDIT_LOG} - Initiator=wso2.system.user Action=Get-User-Claim-Values Target=admin Data={"Claims":{},"Profile":"default"} Outcome=Success
TID: [-1234] [2021-07-17 20:05:00,652]  INFO {AUDIT_LOG} - Initiator=admin@carbon.super Action=Get-Roles-of-User Target=admin Data={"UserName":"admin","Filter":"*","Roles":["Internal/everyone","admin","Application/apim_publisher","Application/rest_api_devportal","Application/admin_8e856073-aab7-4edd-a9cd-bd9c9a789c66_PRODUCTION","Application/rest_api_import_export","Internal/subscriber","Application/admin_8e856073-aab7-4edd-a9cd-bd9c9a789c66_SANDBOX","Application/admin_6c1ccc93-1a08-4c51-bba1-fbb743053e71_SANDBOX","Internal/creator","Application/admin_b1cf165d-12e3-4898-9ca5-b26faf7dad13_SANDBOX","Application/admin_1b11b328-0502-47bc-8ab4-442545eeb7a4_PRODUCTION","Application/apim_devportal","Internal/publisher","Internal/devops","Internal/analytics"]} Outcome=Success
TID: [-1234] [2021-07-17 20:05:17,612]  INFO {AUDIT_LOG} - {"performedBy":"admin","action":"created","typ":"Subscription","info":"{\"application_name\":\"DefaultApplication\",\"tier\":\"Unlimited\",\"provider\":\"admin\",\"api_name\":\"FacilityLevels\",\"application_id\":1}"}
TID: [-1234] [2021-07-17 20:05:17,664]  INFO {AUDIT_LOG} - Initiator=wso2.system.user Action=Get-User-Claim-Values Target=admin Data={"Claims":{},"Profile":"default"} Outcome=Success
TID: [-1234] [2021-07-17 20:05:17,664]  INFO {AUDIT_LOG} - Initiator=wso2.system.user Action=Get-User-Claim-Values Target=admin Data={"Claims":{},"Profile":"default"} Outcome=Success
TID: [-1234] [2021-07-17 20:05:49,310]  INFO {AUDIT_LOG} - Initiator=wso2.system.user Action=Get-User-Claim-Values Target=admin Data={"Claims":{},"Profile":"default"} Outcome=Success
TID: [-1234] [2021-07-17 20:08:32,644]  INFO {AUDIT_LOG} - Initiator=wso2.system.user Action=Get-User-Claim-Values Target=admin Data={"Claims":{},"Profile":"default"} Outcome=Success
TID: [-1234] [2021-07-17 20:08:32,802]  INFO {AUDIT_LOG} - Initiator=wso2.system.user Action=Get-User-Claim-Values Target=admin Data={"Claims":{},"Profile":"default"} Outcome=Success
TID: [-1234] [2021-07-17 20:08:32,927]  INFO {AUDIT_LOG} - {"performedBy":"admin","action":"updated","typ":"API","info":"{\"provider\":\"admin\",\"name\":\"FacilityLevels\",\"context\":\"\\\/facilityLevels\\\/1.0.0\",\"version\":\"1.0.0\"}"}
TID: [-1234] [2021-07-17 20:08:33,072]  INFO {AUDIT_LOG} - Initiator=wso2.system.user Action=Get-User-Claim-Values Target=admin Data={"Claims":{},"Profile":"default"} Outcome=Success
TID: [-1234] [2021-07-17 20:08:33,521]  INFO {AUDIT_LOG} - Initiator=wso2.system.user Action=Get-User-Claim-Values Target=admin Data={"Claims":{},"Profile":"default"} Outcome=Success
TID: [-1234] [2021-07-17 20:11:00,721]  INFO {AUDIT_LOG} - {"performedBy":"admin","action":"created","typ":"Application","info":"{\"owner\":\"admin\",\"tier\":\"50PerMin\",\"name\":\"Facilities\",\"groups\":null,\"callbackURL\":null}"}
TID: [-1234] [2021-07-17 20:11:00,787]  INFO {AUDIT_LOG} - Initiator=wso2.system.user Action=Get-User-Claim-Values Target=admin Data={"Claims":{},"Profile":"default"} Outcome=Success
TID: [-1234] [2021-07-17 20:11:00,805]  INFO {AUDIT_LOG} - Initiator=wso2.system.user Action=Get-Roles-of-User Target=admin Data={"Filter":"*","Roles":["Internal/everyone","admin","Application/apim_publisher","Application/rest_api_devportal","Application/admin_8e856073-aab7-4edd-a9cd-bd9c9a789c66_PRODUCTION","Application/rest_api_import_export","Internal/subscriber","Application/admin_8e856073-aab7-4edd-a9cd-bd9c9a789c66_SANDBOX","Application/admin_6c1ccc93-1a08-4c51-bba1-fbb743053e71_SANDBOX","Internal/creator","Application/admin_b1cf165d-12e3-4898-9ca5-b26faf7dad13_SANDBOX","Application/admin_1b11b328-0502-47bc-8ab4-442545eeb7a4_PRODUCTION","Application/apim_devportal","Internal/publisher","Internal/devops","Internal/analytics"]} Outcome=Success
TID: [-1234] [2021-07-17 20:11:08,741]  INFO {AUDIT_LOG} - Initiator=wso2.system.user Action=Get-User-Claim-Values Target=admin Data={"Claims":{},"Profile":"default"} Outcome=Success
TID: [-1234] [2021-07-17 20:11:08,795]  INFO {AUDIT_LOG} - Initiator=wso2.system.user Action=Get-User-Claim-Values Target=admin Data={"Claims":{},"Profile":"default"} Outcome=Success
TID: [-1234] [2021-07-17 20:11:08,838]  INFO {AUDIT_LOG} - {"performedBy":"admin","action":"created","typ":"Subscription","info":"{\"application_name\":\"Facilities\",\"tier\":\"Unlimited\",\"provider\":\"admin\",\"api_name\":\"FacilityLevels\",\"application_id\":5}"}
TID: [-1234] [2021-07-17 20:11:08,918]  INFO {AUDIT_LOG} - Initiator=wso2.system.user Action=Get-User-Claim-Values Target=admin Data={"Claims":{},"Profile":"default"} Outcome=Success
TID: [-1234] [2021-07-17 20:11:08,918]  INFO {AUDIT_LOG} - Initiator=wso2.system.user Action=Get-User-Claim-Values Target=admin Data={"Claims":{},"Profile":"default"} Outcome=Success
TID: [-1234] [2021-07-17 20:11:20,623]  INFO {AUDIT_LOG} - Initiator=wso2.system.user Action=Get-User-Claim-Values Target=admin Data={"Claims":{},"Profile":"default"} Outcome=Success
TID: [-1234] [2021-07-17 20:11:20,640]  INFO {AUDIT_LOG} - Initiator : admin@carbon.super | Action : create | Target : 10 | Data : { admin_ef38b84c-f9c1-4058-8082-af2bf7119ae5_SANDBOX } | Result : Success 
TID: [-1234] [2021-07-17 20:11:20,665]  INFO {AUDIT_LOG} - Initiator : admin@carbon.super | Action : update | Target : 10 | Data : { admin_ef38b84c-f9c1-4058-8082-af2bf7119ae5_SANDBOX } | Result : Success 
TID: [-1234] [2021-07-17 20:11:20,717]  INFO {AUDIT_LOG} - Initiator=wso2.system.user Action=Get-Roles-of-User Target=admin Data={"UserName":"admin","Filter":"*","Roles":["Internal/everyone","admin","Application/admin_ef38b84c-f9c1-4058-8082-af2bf7119ae5_SANDBOX","Application/apim_publisher","Application/rest_api_devportal","Application/admin_8e856073-aab7-4edd-a9cd-bd9c9a789c66_PRODUCTION","Application/rest_api_import_export","Internal/subscriber","Application/admin_8e856073-aab7-4edd-a9cd-bd9c9a789c66_SANDBOX","Application/admin_6c1ccc93-1a08-4c51-bba1-fbb743053e71_SANDBOX","Internal/creator","Application/admin_b1cf165d-12e3-4898-9ca5-b26faf7dad13_SANDBOX","Application/admin_1b11b328-0502-47bc-8ab4-442545eeb7a4_PRODUCTION","Application/apim_devportal","Internal/publisher","Internal/devops","Internal/analytics"]} Outcome=Success
TID: [-1234] [2021-07-17 20:11:20,734]  INFO {AUDIT_LOG} - {"performedBy":"admin","action":"updated","typ":"Application","info":"{\"Generated keys for application\":\"Facilities\"}"}
TID: [-1234] [2021-07-17 20:11:20,786]  INFO {AUDIT_LOG} - Initiator=wso2.system.user Action=Get-User-Claim-Values Target=admin Data={"Claims":{},"Profile":"default"} Outcome=Success
TID: [-1234] [2021-07-17 20:11:28,788]  INFO {AUDIT_LOG} - {"performedBy":"admin","action":"updated","typ":"Application","info":"{\"Re-Generated Keys for application with client Id\":\"mjS83vwdA8GwBaDOQj9qyNYEJvwa\"}"}
TID: [-1234] [2021-07-17 20:11:56,173]  INFO {AUDIT_LOG} - {"performedBy":"admin","action":"updated","typ":"Application","info":"{\"Re-Generated Keys for application with client Id\":\"gLwG9uDHMDp9mS1ObGrWOAsbioEa\"}"}
TID: [-1234] [2021-07-17 20:12:25,019]  INFO {AUDIT_LOG} - Initiator=wso2.system.user Action=Get-User-Claim-Values Target=admin Data={"Claims":{},"Profile":"default"} Outcome=Success
TID: [-1234] [2021-07-17 20:18:56,549]  INFO {AUDIT_LOG} - {"performedBy":"admin","action":"updated","typ":"API","info":"{\"provider\":\"admin\",\"name\":\"FacilityLevels\",\"context\":\"\\\/facilityLevels\\\/1.0.0\",\"version\":\"1.0.0\"}"}
TID: [-1234] [2021-07-17 20:18:56,644]  INFO {AUDIT_LOG} - Initiator=wso2.system.user Action=Get-User-Claim-Values Target=admin Data={"Claims":{},"Profile":"default"} Outcome=Success
TID: [-1234] [2021-07-17 20:18:56,719]  INFO {AUDIT_LOG} - Initiator=wso2.system.user Action=Get-User-Claim-Values Target=admin Data={"Claims":{},"Profile":"default"} Outcome=Success
TID: [-1234] [2021-07-17 20:18:56,728]  INFO {AUDIT_LOG} - Initiator=wso2.system.user Action=Get-Roles-of-User Target=admin Data={"Filter":"*","Roles":["Internal/everyone","admin","Application/admin_ef38b84c-f9c1-4058-8082-af2bf7119ae5_SANDBOX","Application/apim_publisher","Application/rest_api_devportal","Application/admin_8e856073-aab7-4edd-a9cd-bd9c9a789c66_PRODUCTION","Application/rest_api_import_export","Internal/subscriber","Application/admin_8e856073-aab7-4edd-a9cd-bd9c9a789c66_SANDBOX","Application/admin_6c1ccc93-1a08-4c51-bba1-fbb743053e71_SANDBOX","Internal/creator","Application/admin_b1cf165d-12e3-4898-9ca5-b26faf7dad13_SANDBOX","Application/admin_1b11b328-0502-47bc-8ab4-442545eeb7a4_PRODUCTION","Application/apim_devportal","Internal/publisher","Internal/devops","Internal/analytics"]} Outcome=Success
TID: [-1234] [2021-07-17 20:18:57,710]  INFO {AUDIT_LOG} - Initiator=wso2.system.user Action=Get-User-Claim-Values Target=admin Data={"Claims":{},"Profile":"default"} Outcome=Success
TID: [-1234] [2021-07-17 20:20:15,991]  INFO {AUDIT_LOG} - Initiator=wso2.system.user Action=Get-User-Claim-Values Target=admin Data={"Claims":{},"Profile":"default"} Outcome=Success
TID: [-1234] [2021-07-17 20:20:15,999]  INFO {AUDIT_LOG} - Initiator=wso2.system.user Action=Get-User-Claim-Values Target=admin Data={"Claims":{},"Profile":"default"} Outcome=Success
TID: [-1234] [2021-07-17 20:20:16,709]  INFO {AUDIT_LOG} - Initiator=wso2.system.user Action=Get-User-Claim-Values Target=admin Data={"Claims":{},"Profile":"default"} Outcome=Success
TID: [-1234] [2021-07-17 20:20:21,744]  INFO {AUDIT_LOG} - Initiator=wso2.system.user Action=Get-User-Claim-Values Target=admin Data={"Claims":{},"UserName":"admin","Profile":"default"} Outcome=Success
TID: [-1234] [2021-07-17 20:22:06,766]  INFO {AUDIT_LOG} - {"performedBy":"admin","action":"updated","typ":"Application","info":"{\"Re-Generated Keys for application with client Id\":\"gLwG9uDHMDp9mS1ObGrWOAsbioEa\"}"}
