
!ENTRY bcprov-jdk15on 4 0 2021-07-17 16:37:20.731
!MESSAGE FrameworkEvent ERROR
!STACK 0
java.io.IOException: Exception in opening zip file: /home/robert/develop/HealthInformationExchange/wso2am-4.0.0/repository/components/default/configuration/org.eclipse.osgi/27/0/.cp/bcprov-jdk15on-1.60.jar
	at org.eclipse.osgi.framework.util.SecureAction.getZipFile(SecureAction.java:340)
	at org.eclipse.osgi.storage.bundlefile.ZipBundleFile.getZipFile(ZipBundleFile.java:136)
	at org.eclipse.osgi.storage.bundlefile.ZipBundleFile.lockOpen(ZipBundleFile.java:83)
	at org.eclipse.osgi.storage.bundlefile.ZipBundleFile.getEntry(ZipBundleFile.java:289)
	at org.eclipse.osgi.internal.loader.classpath.ClasspathEntry.findEntry(ClasspathEntry.java:195)
	at org.eclipse.osgi.internal.loader.classpath.ClasspathManager.findClassImpl(ClasspathManager.java:621)
	at org.eclipse.osgi.internal.loader.classpath.ClasspathManager.findLocalClassImpl(ClasspathManager.java:607)
	at org.eclipse.osgi.internal.loader.classpath.ClasspathManager.findLocalClassImpl(ClasspathManager.java:587)
	at org.eclipse.osgi.internal.loader.classpath.ClasspathManager.findLocalClass(ClasspathManager.java:566)
	at org.eclipse.osgi.internal.loader.ModuleClassLoader.findLocalClass(ModuleClassLoader.java:330)
	at org.eclipse.osgi.internal.loader.BundleLoader.findLocalClass(BundleLoader.java:396)
	at org.eclipse.osgi.internal.loader.BundleLoader.findClassInternal(BundleLoader.java:474)
	at org.eclipse.osgi.internal.loader.BundleLoader.findClass(BundleLoader.java:423)
	at org.eclipse.osgi.internal.loader.BundleLoader.findClass(BundleLoader.java:415)
	at org.eclipse.osgi.internal.loader.ModuleClassLoader.loadClass(ModuleClassLoader.java:155)
	at java.base/java.lang.ClassLoader.loadClass(ClassLoader.java:522)
	at java.base/java.security.Provider$Service.getImplClass(Provider.java:1920)
	at java.base/java.security.Provider$Service.newInstance(Provider.java:1894)
	at java.base/javax.crypto.Cipher.getInstance(Cipher.java:706)
	at java.base/javax.crypto.Cipher.getInstance(Cipher.java:625)
	at org.wso2.carbon.crypto.provider.KeyStoreBasedInternalCryptoProvider.encrypt(KeyStoreBasedInternalCryptoProvider.java:89)
	at org.wso2.carbon.crypto.provider.KeyStoreBasedInternalCryptoProvider.encrypt(KeyStoreBasedInternalCryptoProvider.java:181)
	at org.wso2.carbon.crypto.impl.DefaultCryptoService.encrypt(DefaultCryptoService.java:534)
	at org.wso2.carbon.core.util.CryptoUtil.encrypt(CryptoUtil.java:144)
	at org.wso2.carbon.core.util.CryptoUtil.encrypt(CryptoUtil.java:160)
	at org.wso2.carbon.core.util.CryptoUtil.encryptAndBase64Encode(CryptoUtil.java:242)
	at org.wso2.carbon.event.publisher.core.internal.util.helper.EventPublisherConfigurationFilesystemInvoker.encryptAndSave(EventPublisherConfigurationFilesystemInvoker.java:69)
	at org.wso2.carbon.event.publisher.core.EventPublisherDeployer.processDeployment(EventPublisherDeployer.java:179)
	at org.wso2.carbon.event.publisher.core.internal.util.helper.EventPublisherConfigurationFilesystemInvoker.reload(EventPublisherConfigurationFilesystemInvoker.java:151)
	at org.wso2.carbon.event.publisher.core.internal.CarbonEventPublisherService.deactivateActiveEventPublisherConfigurationsForStream(CarbonEventPublisherService.java:525)
	at org.wso2.carbon.event.publisher.core.EventStreamListenerImpl.removedEventStream(EventStreamListenerImpl.java:34)
	at org.wso2.carbon.event.stream.core.internal.CarbonEventStreamService.removeEventStreamConfigurationFromMap(CarbonEventStreamService.java:73)
	at org.wso2.carbon.event.stream.core.EventStreamDeployer.processUndeployment(EventStreamDeployer.java:139)
	at org.wso2.carbon.event.stream.core.EventStreamDeployer.undeploy(EventStreamDeployer.java:93)
	at org.apache.axis2.deployment.DeploymentEngine.unDeploy(DeploymentEngine.java:942)
	at org.apache.axis2.deployment.repository.util.WSInfoList.update(WSInfoList.java:152)
	at org.apache.axis2.deployment.RepositoryListener.update(RepositoryListener.java:377)
	at org.apache.axis2.deployment.RepositoryListener.checkServices(RepositoryListener.java:254)
	at org.apache.axis2.deployment.RepositoryListener.startListener(RepositoryListener.java:371)
	at org.apache.axis2.deployment.scheduler.SchedulerTask.checkRepository(SchedulerTask.java:59)
	at org.apache.axis2.deployment.scheduler.SchedulerTask.run(SchedulerTask.java:67)
	at org.wso2.carbon.core.deployment.CarbonDeploymentSchedulerTask.runAxisDeployment(CarbonDeploymentSchedulerTask.java:93)
	at org.wso2.carbon.core.deployment.CarbonDeploymentSchedulerTask.run(CarbonDeploymentSchedulerTask.java:138)
	at java.base/java.util.concurrent.Executors$RunnableAdapter.call(Executors.java:515)
	at java.base/java.util.concurrent.FutureTask.runAndReset(FutureTask.java:305)
	at java.base/java.util.concurrent.ScheduledThreadPoolExecutor$ScheduledFutureTask.run(ScheduledThreadPoolExecutor.java:305)
	at java.base/java.util.concurrent.ThreadPoolExecutor.runWorker(ThreadPoolExecutor.java:1128)
	at java.base/java.util.concurrent.ThreadPoolExecutor$Worker.run(ThreadPoolExecutor.java:628)
	at java.base/java.lang.Thread.run(Thread.java:829)
Caused by: java.nio.file.NoSuchFileException: /home/robert/develop/HealthInformationExchange/wso2am-4.0.0/repository/components/default/configuration/org.eclipse.osgi/27/0/.cp/bcprov-jdk15on-1.60.jar
	at java.base/sun.nio.fs.UnixException.translateToIOException(UnixException.java:92)
	at java.base/sun.nio.fs.UnixException.rethrowAsIOException(UnixException.java:111)
	at java.base/sun.nio.fs.UnixException.rethrowAsIOException(UnixException.java:116)
	at java.base/sun.nio.fs.UnixFileAttributeViews$Basic.readAttributes(UnixFileAttributeViews.java:55)
	at java.base/sun.nio.fs.UnixFileSystemProvider.readAttributes(UnixFileSystemProvider.java:149)
	at java.base/sun.nio.fs.LinuxFileSystemProvider.readAttributes(LinuxFileSystemProvider.java:99)
	at java.base/java.nio.file.Files.readAttributes(Files.java:1764)
	at java.base/java.util.zip.ZipFile$Source.get(ZipFile.java:1239)
	at java.base/java.util.zip.ZipFile$CleanableResource.<init>(ZipFile.java:732)
	at java.base/java.util.zip.ZipFile$CleanableResource.get(ZipFile.java:849)
	at java.base/java.util.zip.ZipFile.<init>(ZipFile.java:247)
	at java.base/java.util.zip.ZipFile.<init>(ZipFile.java:177)
	at java.base/java.util.zip.ZipFile.<init>(ZipFile.java:191)
	at org.eclipse.osgi.framework.util.SecureAction.getZipFile(SecureAction.java:322)
	... 48 more
