!SESSION 2021-07-25 19:23:44.465 -----------------------------------------------
eclipse.buildId=unknown
java.version=11.0.11
java.vendor=Ubuntu
BootLoader constants: OS=linux, ARCH=x86_64, WS=gtk, NL=en_US

!ENTRY org.eclipse.equinox.ds 1 0 2021-07-25 19:23:44.465
!MESSAGE Could not bind a reference of component org.wso2.carbon.caching.impl.internal.CachingServiceComponent. The reference is: Reference[name = cache.entry.listener.service, interface = javax.cache.event.CacheEntryListener, policy = dynamic, cardinality = 0..n, target = null, bind = addCacheEntryListener, unbind = removeCacheEntryListener]

!ENTRY org.eclipse.equinox.ds 1 0 2021-07-25 19:23:44.466
!MESSAGE Could not bind a reference of component org.wso2.carbon.caching.impl.internal.CachingServiceComponent. The reference is: Reference[name = cache.invalidation.request.sender.service, interface = javax.cache.CacheInvalidationRequestSender, policy = dynamic, cardinality = 0..n, target = null, bind = addCacheInvalidationRequestSender, unbind = removeCacheInvalidationRequestSender]

!ENTRY org.eclipse.equinox.ds 1 0 2021-07-25 19:23:44.466
!MESSAGE Could not bind a reference of component org.wso2.carbon.caching.impl.internal.CachingServiceComponent. The reference is: Reference[name = config.context.service, interface = org.wso2.carbon.utils.ConfigurationContextService, policy = dynamic, cardinality = 0..1, target = null, bind = setClusteringAgent, unbind = unsetClusteringAgent]

!ENTRY org.eclipse.equinox.ds 1 0 2021-07-25 19:23:44.467
!MESSAGE Could not bind a reference of component org.wso2.carbon.caching.impl.internal.CachingServiceComponent. The reference is: Reference[name = distributedMapProvider, interface = org.wso2.carbon.caching.impl.DistributedMapProvider, policy = dynamic, cardinality = 0..1, target = null, bind = setDistributedMapProvider, unbind = unsetDistributedMapProvider]

!ENTRY org.eclipse.equinox.ds 1 0 2021-07-25 19:23:44.835
!MESSAGE Could not bind a reference of component org.wso2.carbon.crypto.impl. The reference is: Reference[name = externalCryptoProvider, interface = org.wso2.carbon.crypto.api.ExternalCryptoProvider, policy = dynamic, cardinality = 0..n, target = null, bind = setExternalCryptoProvider, unbind = unsetExternalCryptoProvider]

!ENTRY org.eclipse.equinox.ds 1 0 2021-07-25 19:23:44.835
!MESSAGE Could not bind a reference of component org.wso2.carbon.crypto.impl. The reference is: Reference[name = internalCryptoProvider, interface = org.wso2.carbon.crypto.api.InternalCryptoProvider, policy = dynamic, cardinality = 0..n, target = null, bind = setInternalCryptoProvider, unbind = unsetInternalCryptoProvider]

!ENTRY org.eclipse.equinox.ds 1 0 2021-07-25 19:23:44.835
!MESSAGE Could not bind a reference of component org.wso2.carbon.crypto.impl. The reference is: Reference[name = keyResolver, interface = org.wso2.carbon.crypto.api.KeyResolver, policy = dynamic, cardinality = 0..n, target = null, bind = setKeyResolver, unbind = unsetKeyResolver]

!ENTRY org.eclipse.equinox.ds 1 0 2021-07-25 19:23:44.952
!MESSAGE Could not bind a reference of component org.wso2.carbon.deployment.synchronizer.subversion. The reference is: Reference[name = carbon.tomcat.service, interface = org.wso2.carbon.tomcat.api.CarbonTomcatService, policy = dynamic, cardinality = 0..1, target = null, bind = setCarbonTomcatService, unbind = unsetCarbonTomcatService]

!ENTRY org.eclipse.equinox.ds 1 0 2021-07-25 19:23:45.046
!MESSAGE Could not bind a reference of component event.input.adapter.service. The reference is: Reference[name = config.context.service, interface = org.wso2.carbon.utils.ConfigurationContextService, policy = dynamic, cardinality = 0..1, target = null, bind = setConfigurationContextService, unbind = unsetConfigurationContextService]

!ENTRY org.eclipse.equinox.ds 1 0 2021-07-25 19:23:45.046
!MESSAGE Could not bind a reference of component event.input.adapter.service. The reference is: Reference[name = input.event.adapter.tracker.service, interface = org.wso2.carbon.event.input.adapter.core.InputEventAdapterFactory, policy = dynamic, cardinality = 0..n, target = null, bind = setEventAdapterType, unbind = unSetEventAdapterType]

!ENTRY org.eclipse.equinox.ds 1 0 2021-07-25 19:23:45.286
!MESSAGE Could not bind a reference of component input.Kafka.EventAdaptorService.component. The reference is: Reference[name = configurationcontext.service, interface = org.wso2.carbon.utils.ConfigurationContextService, policy = dynamic, cardinality = 0..1, target = null, bind = setConfigurationContextService, unbind = unsetConfigurationContextService]

!ENTRY org.eclipse.equinox.ds 1 0 2021-07-25 19:23:45.539
!MESSAGE Could not bind a reference of component eventProcessorManagementService.component. The reference is: Reference[name = configuration.contextService.service, interface = org.wso2.carbon.utils.ConfigurationContextService, policy = dynamic, cardinality = 0..1, target = null, bind = setConfigurationContextService, unbind = unsetConfigurationContextService]

!ENTRY org.eclipse.equinox.ds 1 0 2021-07-25 19:23:45.539
!MESSAGE Could not bind a reference of component eventProcessorManagementService.component. The reference is: Reference[name = hazelcast.instance.service, interface = com.hazelcast.core.HazelcastInstance, policy = dynamic, cardinality = 0..1, target = null, bind = setHazelcastInstance, unbind = unsetHazelcastInstance]

!ENTRY org.eclipse.equinox.ds 1 0 2021-07-25 19:23:45.600
!MESSAGE Could not bind a reference of component eventStreamService.component. The reference is: Reference[name = config.context.service, interface = org.wso2.carbon.utils.ConfigurationContextService, policy = dynamic, cardinality = 0..1, target = null, bind = setConfigurationContextService, unbind = unsetConfigurationContextService]

!ENTRY org.eclipse.equinox.ds 1 0 2021-07-25 19:23:45.600
!MESSAGE Could not bind a reference of component eventStreamService.component. The reference is: Reference[name = eventStreamListener.service, interface = org.wso2.carbon.event.stream.core.EventStreamListener, policy = dynamic, cardinality = 0..n, target = null, bind = setEventStreamListener, unbind = unsetEventStreamListener]

!ENTRY org.eclipse.equinox.ds 1 0 2021-07-25 19:23:45.646
!MESSAGE Could not bind a reference of component output.Ui.AdapterService.component. The reference is: Reference[name = ui.event.adapter.externsion, interface = org.wso2.carbon.event.output.adapter.ui.UIOutputAuthorizationService, policy = dynamic, cardinality = 0..n, target = null, bind = setUIOutputAuthorizationService, unbind = unsetUIOutputAuthorizationService]

!ENTRY org.eclipse.equinox.ds 1 0 2021-07-25 19:23:45.662
!MESSAGE Could not bind a reference of component template.deployer.service.tracker.component. The reference is: Reference[name = template.deployer.tracker.service, interface = org.wso2.carbon.event.template.manager.core.TemplateDeployer, policy = dynamic, cardinality = 0..n, target = null, bind = setTemplateDeployer, unbind = unSetTemplateDeployer]

!ENTRY org.eclipse.equinox.ds 1 0 2021-07-25 19:23:45.784
!MESSAGE Could not bind a reference of component org.wso2.carbon.identity.application.mgt.listener. The reference is: Reference[name = application.resource.mgt.event.listener.service, interface = org.wso2.carbon.identity.application.mgt.listener.ApplicationResourceManagementListener, policy = dynamic, cardinality = 0..n, target = null, bind = setApplicationResourceMgtListener, unbind = unsetApplicationResourceMgtListener]

!ENTRY org.eclipse.equinox.ds 1 0 2021-07-25 19:23:45.956
!MESSAGE Could not bind a reference of component carbon.identity.notification.mgt. The reference is: Reference[name = ldap.tenant.manager.listener.service, interface = org.wso2.carbon.identity.notification.mgt.NotificationSendingModule, policy = dynamic, cardinality = 0..n, target = null, bind = addNotificationSendingModule, unbind = removeNotificationSendingModule]

!ENTRY org.eclipse.equinox.ds 1 0 2021-07-25 19:23:46.093
!MESSAGE Could not bind a reference of component org.wso2.carbon.user.export.service. The reference is: Reference[name = user.export.attribute.provider, interface = org.wso2.carbon.identity.user.export.core.service.UserInformationProvider, policy = dynamic, cardinality = 0..n, target = null, bind = setUserAttributeProvider, unbind = unsetUserAttributeProvider]

!ENTRY org.eclipse.equinox.ds 1 0 2021-07-25 19:23:47.155
!MESSAGE Could not bind a reference of component event.output.adapter.service. The reference is: Reference[name = config.context.service, interface = org.wso2.carbon.utils.ConfigurationContextService, policy = dynamic, cardinality = 0..1, target = null, bind = setConfigurationContextService, unbind = unsetConfigurationContextService]

!ENTRY org.eclipse.equinox.ds 1 0 2021-07-25 19:23:47.202
!MESSAGE Could not bind a reference of component eventPublisherService.component. The reference is: Reference[name = config.context.service, interface = org.wso2.carbon.utils.ConfigurationContextService, policy = dynamic, cardinality = 0..1, target = null, bind = setConfigurationContextService, unbind = unsetConfigurationContextService]

!ENTRY org.eclipse.equinox.ds 1 0 2021-07-25 19:23:47.208
!MESSAGE Could not bind a reference of component eventPublisherService.component. The reference is: Reference[name = registry.service, interface = org.wso2.carbon.registry.core.service.RegistryService, policy = dynamic, cardinality = 0..1, target = null, bind = setRegistryService, unbind = unsetRegistryService]

!ENTRY org.eclipse.equinox.ds 1 0 2021-07-25 19:23:47.214
!MESSAGE Could not bind a reference of component org.wso2.carbon.ndatasource. The reference is: Reference[name = config.context.service, interface = org.wso2.carbon.utils.ConfigurationContextService, policy = dynamic, cardinality = 0..1, target = null, bind = setConfigurationContextService, unbind = unsetConfigurationContextService]

!ENTRY org.eclipse.equinox.ds 1 0 2021-07-25 19:23:47.214
!MESSAGE Could not bind a reference of component org.wso2.carbon.ndatasource. The reference is: Reference[name = external.crypto.service, interface = org.wso2.carbon.crypto.api.ExternalCryptoProvider, policy = dynamic, cardinality = 0..1, target = null, bind = setExternalCryptoProvider, unbind = unsetExternalCryptoProvider]

!ENTRY org.eclipse.equinox.ds 1 0 2021-07-25 19:23:47.214
!MESSAGE Could not bind a reference of component org.wso2.carbon.ndatasource. The reference is: Reference[name = registry.service, interface = org.wso2.carbon.registry.core.service.RegistryService, policy = dynamic, cardinality = 0..1, target = null, bind = setRegistryService, unbind = unsetRegistryService]

!ENTRY org.eclipse.equinox.ds 1 0 2021-07-25 19:23:47.518
!MESSAGE Could not bind a reference of component org.wso2.carbon.ndatasource. The reference is: Reference[name = user.realmservice.default, interface = org.wso2.carbon.user.core.service.RealmService, policy = dynamic, cardinality = 0..1, target = null, bind = setRealmService, unbind = unsetRealmService]

!ENTRY org.eclipse.equinox.ds 1 0 2021-07-25 19:23:48.141
!MESSAGE Could not bind a reference of component org.wso2.carbon.tomcat.internal.CarbonTomcatServiceComponent. The reference is: Reference[name = sci, interface = javax.servlet.ServletContainerInitializer, policy = dynamic, cardinality = 0..n, target = null, bind = setServletContainerInitializer, unbind = unsetServletContainerInitializer]

!ENTRY org.eclipse.equinox.ds 1 0 2021-07-25 19:23:48.978
!MESSAGE Could not bind a reference of component carbon.consent.mgt.component. The reference is: Reference[name = consent.interceptor, interface = org.wso2.carbon.consent.mgt.core.connector.ConsentMgtInterceptor, policy = dynamic, cardinality = 0..n, target = null, bind = setConsentInterceptor, unbind = unsetConsentInterceptor]

!ENTRY org.eclipse.equinox.ds 1 0 2021-07-25 19:23:48.978
!MESSAGE Could not bind a reference of component carbon.consent.mgt.component. The reference is: Reference[name = pii.controller, interface = org.wso2.carbon.consent.mgt.core.connector.PIIController, policy = dynamic, cardinality = 0..n, target = null, bind = setPIIController, unbind = unsetPIIController]

!ENTRY org.eclipse.equinox.ds 1 0 2021-07-25 19:23:48.978
!MESSAGE Could not bind a reference of component carbon.consent.mgt.component. The reference is: Reference[name = piiCategory.dao, interface = org.wso2.carbon.consent.mgt.core.dao.PIICategoryDAO, policy = dynamic, cardinality = 0..n, target = null, bind = setPIICategory, unbind = unsetPIICategory]

!ENTRY org.eclipse.equinox.ds 1 0 2021-07-25 19:23:48.978
!MESSAGE Could not bind a reference of component carbon.consent.mgt.component. The reference is: Reference[name = purpose.dao, interface = org.wso2.carbon.consent.mgt.core.dao.PurposeDAO, policy = dynamic, cardinality = 0..n, target = null, bind = setPurpose, unbind = unsetPurpose]

!ENTRY org.eclipse.equinox.ds 1 0 2021-07-25 19:23:48.979
!MESSAGE Could not bind a reference of component carbon.consent.mgt.component. The reference is: Reference[name = purposeCategory.dao, interface = org.wso2.carbon.consent.mgt.core.dao.PurposeCategoryDAO, policy = dynamic, cardinality = 0..n, target = null, bind = setPurposeCategory, unbind = unsetPurposeCategory]

!ENTRY org.eclipse.equinox.ds 1 0 2021-07-25 19:23:48.981
!MESSAGE Could not bind a reference of component carbon.consent.mgt.component. The reference is: Reference[name = receipt.dao, interface = org.wso2.carbon.consent.mgt.core.dao.ReceiptDAO, policy = dynamic, cardinality = 0..n, target = null, bind = setReceiptDAO, unbind = unsetReceiptDAO]

!ENTRY org.eclipse.equinox.ds 1 0 2021-07-25 19:23:49.114
!MESSAGE Could not bind a reference of component databridge.component. The reference is: Reference[name = config.context.service, interface = org.wso2.carbon.utils.ConfigurationContextService, policy = dynamic, cardinality = 0..1, target = null, bind = setConfigurationContextService, unbind = unsetConfigurationContextService]

!ENTRY org.eclipse.equinox.ds 1 0 2021-07-25 19:23:49.229
!MESSAGE Could not bind a reference of component org.wso2.carbon.identity.authz.service. The reference is: Reference[name = org.wso2.carbon.identity.authz.handler.authz, interface = org.wso2.carbon.identity.authz.service.handler.AuthorizationHandler, policy = dynamic, cardinality = 0..n, target = null, bind = setAuthorizationHandler, unbind = unsetAuthorizationHandler]

!ENTRY org.eclipse.equinox.ds 1 0 2021-07-25 19:23:49.230
!MESSAGE Could not bind a reference of component org.wso2.carbon.identity.authz.service. The reference is: Reference[name = org.wso2.carbon.identity.authz.handler.resource, interface = org.wso2.carbon.identity.authz.service.handler.ResourceHandler, policy = dynamic, cardinality = 0..n, target = null, bind = setResourceHandler, unbind = unsetResourceHandler]

!ENTRY org.eclipse.equinox.ds 1 0 2021-07-25 19:23:49.351
!MESSAGE Could not bind a reference of component registry.core.dscomponent. The reference is: Reference[name = CacheInvalidator, interface = org.wso2.carbon.caching.impl.CacheInvalidator, policy = dynamic, cardinality = 0..n, target = null, bind = setCacheInvalidatorService, unbind = unSetCacheInvalidatorService]

!ENTRY org.eclipse.equinox.ds 1 0 2021-07-25 19:23:49.351
!MESSAGE Could not bind a reference of component registry.core.dscomponent. The reference is: Reference[name = statistics.collector, interface = org.wso2.carbon.registry.core.statistics.StatisticsCollector, policy = dynamic, cardinality = 0..n, target = null, bind = setStatisticsCollector, unbind = unsetStatisticsCollector]

!ENTRY org.eclipse.equinox.ds 1 0 2021-07-25 19:23:50.136
!MESSAGE Could not bind a reference of component eventReceiverService.component. The reference is: Reference[name = config.context.service, interface = org.wso2.carbon.utils.ConfigurationContextService, policy = dynamic, cardinality = 0..1, target = null, bind = setConfigurationContextService, unbind = unsetConfigurationContextService]

!ENTRY org.eclipse.equinox.ds 1 0 2021-07-25 19:23:50.892
!MESSAGE Could not bind a reference of component org.wso2.carbon.registry.resource. The reference is: Reference[name = registry.download.service, interface = org.wso2.carbon.registry.resource.download.DownloadManagerService, policy = dynamic, cardinality = 0..1, target = null, bind = setDownloadManagerService, unbind = unsetDownloadManagerService]

!ENTRY org.eclipse.equinox.ds 1 0 2021-07-25 19:23:50.893
!MESSAGE Could not bind a reference of component org.wso2.carbon.registry.resource. The reference is: Reference[name = registry.notification.service, interface = org.wso2.carbon.registry.common.eventing.NotificationService, policy = dynamic, cardinality = 0..1, target = null, bind = setRegistryNotificationService, unbind = unsetRegistryNotificationService]

!ENTRY org.eclipse.equinox.ds 1 0 2021-07-25 19:23:50.898
!MESSAGE Could not bind a reference of component org.wso2.carbon.registry.servlet. The reference is: Reference[name = registry.uddi, interface = org.wso2.carbon.registry.core.servlet.UDDIServlet, policy = dynamic, cardinality = 0..1, target = null, bind = setJUDDIRegistryServlet, unbind = unsetJUDDIRegistryServlet]

!ENTRY org.eclipse.equinox.ds 1 0 2021-07-25 19:23:52.735
!MESSAGE Could not bind a reference of component org.wso2.carbon.registry.server. The reference is: Reference[name = config.context.service, interface = org.wso2.carbon.utils.ConfigurationContextService, policy = dynamic, cardinality = 0..1, target = null, bind = setConfigurationContextService, unbind = unsetConfigurationContextService]

!ENTRY org.eclipse.equinox.ds 1 0 2021-07-25 19:23:52.737
!MESSAGE Could not bind a reference of component carbon.sts.component. The reference is: Reference[name = identity.attribute.service, interface = org.wso2.carbon.identity.sts.common.identity.provider.IdentityAttributeService, policy = dynamic, cardinality = 0..n, target = null, bind = addAttributeService, unbind = removeAttributeService]

!ENTRY org.eclipse.equinox.ds 1 0 2021-07-25 19:23:52.828
!MESSAGE Could not bind a reference of component org.wso2.carbon.user.core.listener. The reference is: Reference[name = authorization.manager.listener.service, interface = org.wso2.carbon.user.core.listener.AuthorizationManagerListener, policy = dynamic, cardinality = 0..n, target = null, bind = setAuthorizationManagerListenerService, unbind = unsetAuthorizationManagerListenerService]

!ENTRY org.eclipse.equinox.ds 1 0 2021-07-25 19:23:52.828
!MESSAGE Could not bind a reference of component org.wso2.carbon.user.core.listener. The reference is: Reference[name = claim.manager.listener.service, interface = org.wso2.carbon.user.core.listener.ClaimManagerListener, policy = dynamic, cardinality = 0..n, target = null, bind = setClaimManagerListenerService, unbind = unsetClaimManagerListenerService]

!ENTRY org.eclipse.equinox.ds 1 0 2021-07-25 19:23:52.828
!MESSAGE Could not bind a reference of component org.wso2.carbon.user.core.listener. The reference is: Reference[name = ldap.tenant.manager.listener.service, interface = org.wso2.carbon.user.core.tenant.LDAPTenantManager, policy = dynamic, cardinality = 0..n, target = null, bind = addLDAPTenantManager, unbind = removeLDAPTenantManager]

!ENTRY org.eclipse.equinox.ds 1 0 2021-07-25 19:23:52.828
!MESSAGE Could not bind a reference of component org.wso2.carbon.user.core.listener. The reference is: Reference[name = user.management.error.event.listener.service, interface = org.wso2.carbon.user.core.listener.UserManagementErrorEventListener, policy = dynamic, cardinality = 0..n, target = null, bind = setUserManagementErrorEventListenerService, unbind = unsetUserManagementErrorEventListenerService]

!ENTRY org.eclipse.equinox.ds 1 0 2021-07-25 19:23:52.828
!MESSAGE Could not bind a reference of component org.wso2.carbon.user.core.listener. The reference is: Reference[name = user.operation.event.listener.service, interface = org.wso2.carbon.user.core.listener.UserOperationEventListener, policy = dynamic, cardinality = 0..n, target = null, bind = setUserOperationEventListenerService, unbind = unsetUserOperationEventListenerService]

!ENTRY org.eclipse.equinox.ds 1 0 2021-07-25 19:23:52.829
!MESSAGE Could not bind a reference of component org.wso2.carbon.user.core.listener. The reference is: Reference[name = user.store.manager.listener.service, interface = org.wso2.carbon.user.core.listener.UserStoreManagerListener, policy = dynamic, cardinality = 0..n, target = null, bind = setUserStoreManagerListenerService, unbind = unsetUserStoreManagerListenerService]

!ENTRY org.eclipse.equinox.ds 1 0 2021-07-25 19:23:52.846
!MESSAGE Could not bind a reference of component user.store.mgt.dscomponent. The reference is: Reference[name = claim.mgt.component, interface = org.wso2.carbon.user.core.claim.ClaimManagerFactory, policy = dynamic, cardinality = 0..1, target = null, bind = setClaimManagerFactory, unbind = unsetClaimManagerFactory]

!ENTRY org.eclipse.equinox.ds 1 0 2021-07-25 19:23:52.929
!MESSAGE Could not bind a reference of component org.wso2.carbon.context.internal.CarbonContextDiscoveryServiceComponent. The reference is: Reference[name = discoveryService, interface = org.wso2.carbon.base.DiscoveryService, policy = dynamic, cardinality = 0..1, target = null, bind = setDiscoveryService, unbind = unsetDiscoveryService]

!ENTRY org.eclipse.equinox.ds 1 0 2021-07-25 19:23:52.950
!MESSAGE Could not bind a reference of component carbon.core.dscomponent. The reference is: Reference[name = coordinatedActivity, interface = org.wso2.carbon.core.clustering.api.CoordinatedActivity, policy = dynamic, cardinality = 0..n, target = null, bind = addCoordinatedActivity, unbind = removeCoordinatedActivity]

!ENTRY org.eclipse.equinox.ds 1 0 2021-07-25 19:23:52.951
!MESSAGE Could not bind a reference of component carbon.core.dscomponent. The reference is: Reference[name = serverRestartHandler, interface = org.wso2.carbon.core.ServerRestartHandler, policy = dynamic, cardinality = 0..n, target = null, bind = addServerRestartHandler, unbind = removeServerRestartHandler]

!ENTRY org.eclipse.equinox.ds 1 0 2021-07-25 19:23:52.951
!MESSAGE Could not bind a reference of component carbon.core.dscomponent. The reference is: Reference[name = serverShutdownHandler, interface = org.wso2.carbon.core.ServerShutdownHandler, policy = dynamic, cardinality = 0..n, target = null, bind = addServerShutdownHandler, unbind = removeServerShutdownHandler]

!ENTRY org.eclipse.equinox.ds 1 0 2021-07-25 19:23:52.951
!MESSAGE Could not bind a reference of component carbon.core.dscomponent. The reference is: Reference[name = serverStartupHandler, interface = org.wso2.carbon.core.ServerStartupHandler, policy = dynamic, cardinality = 0..n, target = null, bind = addServerStartupHandler, unbind = removeServerStartupHandler]

!ENTRY org.eclipse.equinox.ds 1 0 2021-07-25 19:23:52.983
!MESSAGE Could not bind a reference of component eventProcessorService.component. The reference is: Reference[name = configuration.context, interface = org.wso2.carbon.utils.ConfigurationContextService, policy = dynamic, cardinality = 0..1, target = null, bind = setConfigurationContext, unbind = unsetConfigurationContext]

!ENTRY org.eclipse.equinox.ds 1 0 2021-07-25 19:23:52.984
!MESSAGE Could not bind a reference of component eventProcessorService.component. The reference is: Reference[name = hazelcast.instance.service, interface = com.hazelcast.core.HazelcastInstance, policy = dynamic, cardinality = 0..1, target = null, bind = setHazelcastInstance, unbind = unsetHazelcastInstance]

!ENTRY org.eclipse.equinox.ds 1 0 2021-07-25 19:24:03.460
!MESSAGE Could not bind a reference of component org.wso2.carbon.deployment.synchronizer.XXX. The reference is: Reference[name = repository.reference.service, interface = org.wso2.carbon.deployment.synchronizer.ArtifactRepository, policy = dynamic, cardinality = 0..n, target = null, bind = addArtifactRepository, unbind = removeArtifactRepository]

!ENTRY org.eclipse.equinox.ds 1 0 2021-07-25 19:24:03.547
!MESSAGE Could not bind a reference of component org.wso2.carbon.usage.agent. The reference is: Reference[name = org.wso2.carbon.statistics.services, interface = org.wso2.carbon.statistics.services.SystemStatisticsUtil, policy = dynamic, cardinality = 0..1, target = null, bind = setSystemStatisticsUtil, unbind = unsetSystemStatisticsUtil]

!ENTRY org.eclipse.equinox.ds 1 0 2021-07-25 19:24:03.882
!MESSAGE Could not bind a reference of component identity.application.management.component. The reference is: Reference[name = application.mgt.authenticator, interface = org.wso2.carbon.identity.application.mgt.AbstractInboundAuthenticatorConfig, policy = dynamic, cardinality = 0..n, target = null, bind = setInboundAuthenticatorConfig, unbind = unsetInboundAuthenticatorConfig]

!ENTRY org.eclipse.equinox.ds 1 0 2021-07-25 19:24:03.894
!MESSAGE Could not bind a reference of component identity.oauth.dcr. The reference is: Reference[name = identity.oauth.dcr.handler.register, interface = org.wso2.carbon.identity.oauth.dcr.handler.RegistrationHandler, policy = dynamic, cardinality = 0..n, target = null, bind = setRegistrationHandler, unbind = unsetRegistrationHandler]

!ENTRY org.eclipse.equinox.ds 1 0 2021-07-25 19:24:03.894
!MESSAGE Could not bind a reference of component identity.oauth.dcr. The reference is: Reference[name = identity.oauth.dcr.handler.unregister, interface = org.wso2.carbon.identity.oauth.dcr.handler.UnRegistrationHandler, policy = dynamic, cardinality = 0..n, target = null, bind = setUnRegistrationHandler, unbind = unsetUnRegistrationHandler]

!ENTRY org.eclipse.equinox.ds 1 0 2021-07-25 19:24:03.931
!MESSAGE Could not bind a reference of component identity.oidc.session.component. The reference is: Reference[name = oidc.logout.handlers, interface = org.wso2.carbon.identity.oidc.session.handler.OIDCLogoutHandler, policy = dynamic, cardinality = 0..n, target = null, bind = registerOIDCLogoutHandler, unbind = unregisterOIDCLogoutHandler]

!ENTRY org.eclipse.equinox.ds 1 0 2021-07-25 19:24:03.931
!MESSAGE Could not bind a reference of component identity.oidc.session.component. The reference is: Reference[name = token.binding.service, interface = org.wso2.carbon.identity.oauth.common.token.bindings.TokenBinderInfo, policy = dynamic, cardinality = 0..n, target = null, bind = setTokenBinderInfo, unbind = unsetTokenBinderInfo]

!ENTRY org.eclipse.equinox.ds 1 0 2021-07-25 19:24:04.079
!MESSAGE Could not bind a reference of component carbon.configuration.mgt.component. The reference is: Reference[name = configuration.dao, interface = org.wso2.carbon.identity.configuration.mgt.core.dao.ConfigurationDAO, policy = dynamic, cardinality = 0..n, target = null, bind = setConfiguration, unbind = unsetConfiguration]

!ENTRY org.eclipse.equinox.ds 1 0 2021-07-25 19:24:04.459
!MESSAGE Could not bind a reference of component identity.core.component. The reference is: Reference[name = is.migration.client, interface = org.wso2.carbon.identity.core.migrate.MigrationClient, policy = dynamic, cardinality = 0..1, target = null, bind = setMigrationClient, unbind = unsetMigrationClient]

!ENTRY org.eclipse.equinox.ds 1 0 2021-07-25 19:24:04.461
!MESSAGE Could not bind a reference of component identity.core.component. The reference is: Reference[name = url.builder.factory, interface = org.wso2.carbon.identity.core.ServiceURLBuilderFactory, policy = dynamic, cardinality = 0..1, target = null, bind = setServiceURLBuilderFactory, unbind = unsetServiceURLBuilderFactory]

!ENTRY org.eclipse.equinox.ds 1 0 2021-07-25 19:24:04.683
!MESSAGE Could not bind a reference of component org.wso2.carbon.identity.auth.service. The reference is: Reference[name = org.wso2.carbon.identity.auth.service.handler.auth, interface = org.wso2.carbon.identity.auth.service.handler.AuthenticationHandler, policy = dynamic, cardinality = 0..n, target = null, bind = addAuthenticationHandler, unbind = removeAuthenticationHandler]

!ENTRY org.eclipse.equinox.ds 1 0 2021-07-25 19:24:04.683
!MESSAGE Could not bind a reference of component org.wso2.carbon.identity.auth.service. The reference is: Reference[name = org.wso2.carbon.identity.auth.service.handler.resource, interface = org.wso2.carbon.identity.auth.service.handler.ResourceHandler, policy = dynamic, cardinality = 0..n, target = null, bind = addResourceHandler, unbind = removeResourceHandler]

!ENTRY org.eclipse.equinox.ds 1 0 2021-07-25 19:24:04.928
!MESSAGE Could not bind a reference of component org.wso2.carbon.identity.auth.valve. The reference is: Reference[name = org.wso2.carbon.identity.auth.service.factory.auth, interface = org.wso2.carbon.identity.auth.service.factory.AuthenticationRequestBuilderFactory, policy = dynamic, cardinality = 0..n, target = null, bind = addAuthenticationRequestBuilderFactory, unbind = removeAuthenticationRequestBuilderFactory]

!ENTRY org.eclipse.equinox.ds 1 0 2021-07-25 19:24:05.014
!MESSAGE Could not bind a reference of component identity.claim.metadata.component. The reference is: Reference[name = claim.manager.listener.service, interface = org.wso2.carbon.user.core.listener.ClaimManagerListener, policy = dynamic, cardinality = 0..n, target = null, bind = setClaimManagerListener, unbind = unsetClaimManagerListener]

!ENTRY org.eclipse.equinox.ds 1 0 2021-07-25 19:24:05.072
!MESSAGE Could not bind a reference of component org.wso2.carbon.identity.data.publisher.oauth. The reference is: Reference[name = org.wso2.carbon.identity.oauth.event.OAuthEventInterceptor, interface = org.wso2.carbon.identity.oauth.event.OAuthEventInterceptor, policy = dynamic, cardinality = 0..n, target = null, bind = setAuthEventInterceptor, unbind = unsetOauthEventInterceptor]

!ENTRY org.eclipse.equinox.ds 1 0 2021-07-25 19:24:05.194
!MESSAGE Could not bind a reference of component identity.oauth2.component. The reference is: Reference[name = framework.authentication.context.method.name.translator, interface = org.wso2.carbon.identity.application.authentication.framework.AuthenticationMethodNameTranslator, policy = dynamic, cardinality = 0..1, target = null, bind = setAuthenticationMethodNameTranslator, unbind = unsetAuthenticationMethodNameTranslator]

!ENTRY org.eclipse.equinox.ds 1 0 2021-07-25 19:24:05.194
!MESSAGE Could not bind a reference of component identity.oauth2.component. The reference is: Reference[name = framework.authentication.data.publisher, interface = org.wso2.carbon.identity.application.authentication.framework.AuthenticationDataPublisher, policy = dynamic, cardinality = 0..n, target = null, bind = setAuthenticationDataPublisher, unbind = unsetAuthenticationDataPublisher]

!ENTRY org.eclipse.equinox.ds 1 0 2021-07-25 19:24:05.194
!MESSAGE Could not bind a reference of component identity.oauth2.component. The reference is: Reference[name = keyid.provider.component, interface = org.wso2.carbon.identity.oauth2.keyidprovider.KeyIDProvider, policy = dynamic, cardinality = 0..n, target = null, bind = setKeyIDProvider, unbind = unsetKeyIDProvider]

!ENTRY org.eclipse.equinox.ds 1 0 2021-07-25 19:24:05.194
!MESSAGE Could not bind a reference of component identity.oauth2.component. The reference is: Reference[name = oauth.client.authenticator, interface = org.wso2.carbon.identity.oauth2.client.authentication.OAuthClientAuthenticator, policy = dynamic, cardinality = 0..n, target = null, bind = setOAuthClientAuthenticator, unbind = unsetOAuthClientAuthenticator]

!ENTRY org.eclipse.equinox.ds 1 0 2021-07-25 19:24:05.194
!MESSAGE Could not bind a reference of component identity.oauth2.component. The reference is: Reference[name = scope.validator.service, interface = org.wso2.carbon.identity.oauth2.validators.scope.ScopeValidator, policy = dynamic, cardinality = 0..n, target = null, bind = addScopeValidatorService, unbind = removeScopeValidatorService]

!ENTRY org.eclipse.equinox.ds 1 0 2021-07-25 19:24:05.194
!MESSAGE Could not bind a reference of component identity.oauth2.component. The reference is: Reference[name = token.binding.service, interface = org.wso2.carbon.identity.oauth.common.token.bindings.TokenBinderInfo, policy = dynamic, cardinality = 0..n, target = null, bind = setTokenBinderInfo, unbind = unsetTokenBinderInfo]

!ENTRY org.eclipse.equinox.ds 1 0 2021-07-25 19:24:05.423
!MESSAGE Could not bind a reference of component identity.oauth.component. The reference is: Reference[name = oauth.application.mgt.listener, interface = org.wso2.carbon.identity.oauth.listener.OAuthApplicationMgtListener, policy = dynamic, cardinality = 0..n, target = null, bind = setOAuthApplicationMgtListener, unbind = unsetOAuthApplicationMgtListener]

!ENTRY org.eclipse.equinox.ds 1 0 2021-07-25 19:24:05.424
!MESSAGE Could not bind a reference of component identity.oauth.component. The reference is: Reference[name = token.binding.service, interface = org.wso2.carbon.identity.oauth.common.token.bindings.TokenBinderInfo, policy = dynamic, cardinality = 0..n, target = null, bind = setTokenBinderInfo, unbind = unsetTokenBinderInfo]

!ENTRY org.eclipse.equinox.ds 1 0 2021-07-25 19:24:05.642
!MESSAGE Could not bind a reference of component org.wso2.apimgt.impl.services. The reference is: Reference[name = gateway.artifact.saver, interface = org.wso2.carbon.apimgt.impl.gatewayartifactsynchronizer.ArtifactSaver, policy = dynamic, cardinality = 0..1, target = null, bind = addArtifactSaver, unbind = removeArtifactSaver]

!ENTRY org.eclipse.equinox.ds 1 0 2021-07-25 19:24:05.642
!MESSAGE Could not bind a reference of component org.wso2.apimgt.impl.services. The reference is: Reference[name = jwt.transformer.service, interface = org.wso2.carbon.apimgt.common.gateway.jwttransformer.JWTTransformer, policy = dynamic, cardinality = 0..n, target = null, bind = addJWTTransformer, unbind = removeJWTTransformer]

!ENTRY org.eclipse.equinox.ds 1 0 2021-07-25 19:24:05.643
!MESSAGE Could not bind a reference of component org.wso2.apimgt.impl.services. The reference is: Reference[name = listener.manager.service, interface = org.apache.axis2.engine.ListenerManager, policy = dynamic, cardinality = 0..1, target = null, bind = setListenerManager, unbind = unsetListenerManager]

!ENTRY org.eclipse.equinox.ds 1 0 2021-07-25 19:24:05.643
!MESSAGE Could not bind a reference of component org.wso2.apimgt.impl.services. The reference is: Reference[name = notifier.component, interface = org.wso2.carbon.apimgt.impl.notifier.Notifier, policy = dynamic, cardinality = 0..n, target = null, bind = addNotifier, unbind = removeNotifiers]

!ENTRY org.eclipse.equinox.ds 1 0 2021-07-25 19:24:06.115
!MESSAGE Could not bind a reference of component api.keymgt.component. The reference is: Reference[name = key.validation.handler.service, interface = org.wso2.carbon.apimgt.keymgt.handlers.KeyValidationHandler, policy = dynamic, cardinality = 0..1, target = null, bind = addKeyValidationHandler, unbind = removeKeyValidationHandler]

!ENTRY org.eclipse.equinox.ds 1 0 2021-07-25 19:24:06.131
!MESSAGE Could not bind a reference of component apim.notification.component. The reference is: Reference[name = event.handlers, interface = org.wso2.carbon.apimgt.impl.handlers.EventHandler, policy = dynamic, cardinality = 0..n, target = null, bind = addEventHandlers, unbind = removeEventHandlers]

!ENTRY org.eclipse.equinox.ds 1 0 2021-07-25 19:24:06.131
!MESSAGE Could not bind a reference of component apim.notification.component. The reference is: Reference[name = keymgt.event.handlers, interface = org.wso2.carbon.apimgt.impl.keymgt.KeyManagerEventHandler, policy = dynamic, cardinality = 0..n, target = null, bind = addKeyManagerEventHandlers, unbind = removeKeyManagerEventHandlers]

!ENTRY org.eclipse.equinox.ds 1 0 2021-07-25 19:24:06.351
!MESSAGE Could not bind a reference of component org.wso2.carbon.apimgt.tracing.internal.TracingServiceComponent. The reference is: Reference[name = opentracing.tracer.service, interface = org.wso2.carbon.apimgt.tracing.OpenTracer, policy = dynamic, cardinality = 0..n, target = null, bind = setTracerService, unbind = unsetTracerService]

!ENTRY org.eclipse.equinox.ds 1 0 2021-07-25 19:24:06.802
!MESSAGE Could not bind a reference of component identity.provider.sts.component. The reference is: Reference[name = identity.attribute.service, interface = org.wso2.carbon.identity.sts.common.identity.provider.IdentityAttributeService, policy = dynamic, cardinality = 0..n, target = null, bind = addAttributeService, unbind = removeAttributeService]

!ENTRY org.eclipse.equinox.ds 1 0 2021-07-25 19:24:06.912
!MESSAGE Could not bind a reference of component carbon.identity.template.mgt.component. The reference is: Reference[name = identity.template.handler, interface = org.wso2.carbon.identity.template.mgt.handler.ReadOnlyTemplateHandler, policy = dynamic, cardinality = 0..1, target = null, bind = setReadOnlyTemplateHandler, unbind = unsetReadOnlyTemplateHandler]

!ENTRY org.eclipse.equinox.ds 1 0 2021-07-25 19:24:06.965
!MESSAGE Could not bind a reference of component org.wso2.carbon.identity.user.store.configuration.component. The reference is: Reference[name = user.store.configuration, interface = org.wso2.carbon.identity.user.store.configuration.dao.AbstractUserStoreDAOFactory, policy = dynamic, cardinality = 0..n, target = null, bind = setUserStoreDAOFactory, unbind = unsetUserStoreDAOFactory]

!ENTRY org.eclipse.equinox.ds 1 0 2021-07-25 19:24:06.973
!MESSAGE Could not bind a reference of component identity.user.store.count.component. The reference is: Reference[name = user.store.count, interface = org.wso2.carbon.identity.user.store.count.AbstractCountRetrieverFactory, policy = dynamic, cardinality = 0..n, target = null, bind = setCountRetrieverFactory, unbind = unsetCountRetrieverFactory]

!ENTRY org.eclipse.equinox.ds 1 0 2021-07-25 19:24:06.979
!MESSAGE Could not bind a reference of component idp.mgt.dscomponent. The reference is: Reference[name = identity.core.ConnectorConfig, interface = org.wso2.carbon.identity.core.ConnectorConfig, policy = dynamic, cardinality = 0..n, target = null, bind = setIdentityGovernanceConnector, unbind = unsetGovernanceConnector]

!ENTRY org.eclipse.equinox.ds 1 0 2021-07-25 19:24:06.979
!MESSAGE Could not bind a reference of component idp.mgt.dscomponent. The reference is: Reference[name = identity.provider.saml.service.component, interface = org.wso2.carbon.idp.mgt.util.MetadataConverter, policy = dynamic, cardinality = 0..n, target = null, bind = setMetadataConverterService, unbind = unsetMetadataConverterService]

!ENTRY org.eclipse.equinox.ds 1 0 2021-07-25 19:24:07.269
!MESSAGE Could not bind a reference of component org.wso2.carbon.identity.governance.internal.IdentityMgtServiceComponent. The reference is: Reference[name = idp.mgt.event.listener.service, interface = org.wso2.carbon.identity.governance.common.IdentityConnectorConfig, policy = dynamic, cardinality = 0..n, target = null, bind = setIdentityGovernanceConnector, unbind = unsetIdentityGovernanceConnector]

!ENTRY org.eclipse.equinox.ds 1 0 2021-07-25 19:24:07.466
!MESSAGE Could not bind a reference of component org.wso2.carbon.identity.captcha.internal.CaptchaComponent. The reference is: Reference[name = CaptchaConnectors, interface = org.wso2.carbon.identity.captcha.connector.CaptchaConnector, policy = dynamic, cardinality = 0..n, target = null, bind = setCaptchaConnector, unbind = unsetCaptchaConnector]

!ENTRY org.eclipse.equinox.ds 1 0 2021-07-25 19:24:07.752
!MESSAGE Could not bind a reference of component identity.application.authentication.framework.component. The reference is: Reference[name = claim.filter.service, interface = org.wso2.carbon.identity.application.authentication.framework.handler.claims.ClaimFilter, policy = dynamic, cardinality = 0..n, target = null, bind = setClaimFilter, unbind = unsetClaimFilter]

!ENTRY org.eclipse.equinox.ds 1 0 2021-07-25 19:24:07.752
!MESSAGE Could not bind a reference of component identity.application.authentication.framework.component. The reference is: Reference[name = identity.post.authn.handler, interface = org.wso2.carbon.identity.application.authentication.framework.handler.request.PostAuthenticationHandler, policy = dynamic, cardinality = 0..n, target = null, bind = setPostAuthenticationHandler, unbind = unsetPostAuthenticationHandler]

!ENTRY org.eclipse.equinox.ds 1 0 2021-07-25 19:24:08.558
!MESSAGE Could not bind a reference of component identity.openidconnect.component. The reference is: Reference[name = identity.openidconnect.RequestObjectService, interface = org.wso2.carbon.identity.openidconnect.RequestObjectService, policy = dynamic, cardinality = 0..1, target = null, bind = setRequestObjectService, unbind = unsetRequestObjectService]

!ENTRY org.eclipse.equinox.ds 1 0 2021-07-25 19:24:08.559
!MESSAGE Could not bind a reference of component identity.openidconnect.component. The reference is: Reference[name = identity.openidconnect.handlers, interface = org.wso2.carbon.identity.openidconnect.handlers.RequestObjectHandler, policy = dynamic, cardinality = 0..1, target = null, bind = setRequestObjectRevokeHandler, unbind = unsetRequestObjectRevokeHandler]

!ENTRY org.eclipse.equinox.ds 1 0 2021-07-25 19:24:08.629
!MESSAGE Could not bind a reference of component usermgt.component. The reference is: Reference[name = org.wso2.carbon.user.core.listener.UserManagementErrorEventListener, interface = org.wso2.carbon.user.core.listener.UserManagementErrorEventListener, policy = dynamic, cardinality = 0..n, target = null, bind = setUserManagementErrorEventListenerService, unbind = unsetUserManagementErrorEventListenerService]

!ENTRY org.eclipse.equinox.ds 1 0 2021-07-25 19:24:08.629
!MESSAGE Could not bind a reference of component usermgt.component. The reference is: Reference[name = org.wso2.carbon.user.mgt.recorder.UserDeletionEventRecorder, interface = org.wso2.carbon.user.mgt.recorder.UserDeletionEventRecorder, policy = dynamic, cardinality = 0..n, target = null, bind = setUserDeleteEventRecorder, unbind = unsetUserDeleteEventRecorder]

!ENTRY org.eclipse.equinox.ds 1 0 2021-07-25 19:24:09.280
!MESSAGE Could not bind a reference of component esb.core.initializer. The reference is: Reference[name = esbntask.taskservice, interface = org.wso2.carbon.mediation.ntask.internal.NtaskService, policy = dynamic, cardinality = 0..1, target = null, bind = setTaskService, unbind = unsetTaskService]

!ENTRY org.eclipse.equinox.ds 1 0 2021-07-25 19:24:40.055
!MESSAGE Could not bind a reference of component org.wso2.carbon.message.processor. The reference is: Reference[name = service.admin.service, interface = org.wso2.carbon.service.mgt.ServiceAdmin, policy = dynamic, cardinality = 0..1, target = null, bind = setServiceAdminService, unbind = unsetServiceAdminService]

!ENTRY org.eclipse.equinox.ds 1 0 2021-07-25 19:24:40.067
!MESSAGE Could not bind a reference of component org.wso2.carbon.message.store. The reference is: Reference[name = service.admin.service, interface = org.wso2.carbon.service.mgt.ServiceAdmin, policy = dynamic, cardinality = 0..1, target = null, bind = setServiceAdminService, unbind = unsetServiceAdminService]

!ENTRY org.eclipse.equinox.ds 1 0 2021-07-25 19:24:40.469
!MESSAGE Could not bind a reference of component org.wso2.carbon.proxyadmin. The reference is: Reference[name = service.admin.service, interface = org.wso2.carbon.service.mgt.ServiceAdmin, policy = dynamic, cardinality = 0..1, target = null, bind = setServiceadminService, unbind = unsetServiceAdminService]

!ENTRY org.eclipse.equinox.ds 1 0 2021-07-25 19:24:40.688
!MESSAGE Could not bind a reference of component org.wso2.carbon.apimgt.handlers. The reference is: Reference[name = jwt.generator.service.component, interface = org.wso2.carbon.apimgt.common.gateway.jwtgenerator.AbstractAPIMgtGatewayJWTGenerator, policy = dynamic, cardinality = 0..n, target = null, bind = setGatewayJWTGenerator, unbind = unsetGatewayJWTGenerator]

!ENTRY org.eclipse.equinox.ds 1 0 2021-07-25 19:24:40.983
!MESSAGE Could not bind a reference of component org.wso2.carbon.andes.internal.QpidServiceComponent. The reference is: Reference[name = hazelcast.instance.service, interface = com.hazelcast.core.HazelcastInstance, policy = dynamic, cardinality = 0..1, target = null, bind = setHazelcastInstance, unbind = unsetHazelcastInstance]

!ENTRY org.eclipse.equinox.ds 1 0 2021-07-25 19:24:41.716
!MESSAGE Could not bind a reference of component sts.application.management.component. The reference is: Reference[name = application.mgt.authenticator, interface = org.wso2.carbon.identity.application.mgt.AbstractInboundAuthenticatorConfig, policy = dynamic, cardinality = 0..n, target = null, bind = setInboundAuthenticatorConfig, unbind = unsetInboundAuthenticatorConfig]

!ENTRY org.eclipse.equinox.ds 1 0 2021-07-25 19:24:41.732
!MESSAGE Could not bind a reference of component org.wso2.carbon.tenant.mgt. The reference is: Reference[name = default.tenant.billing.service, interface = org.wso2.carbon.stratos.common.TenantBillingService, policy = dynamic, cardinality = 0..1, target = null, bind = setTenantBillingService, unbind = unsetTenantBillingService]

!ENTRY org.eclipse.equinox.ds 1 0 2021-07-25 19:24:42.449
!MESSAGE Could not bind a reference of component org.wso2.carbon.registry.eventing. The reference is: Reference[name = registry.events.jmx.service, interface = org.wso2.carbon.registry.extensions.jmx.Events, policy = dynamic, cardinality = 0..1, target = null, bind = setEvents, unbind = unsetEvents]

!ENTRY org.eclipse.equinox.ds 1 0 2021-07-25 19:24:42.525
!MESSAGE Could not bind a reference of component org.wso2.carbon.registry.info. The reference is: Reference[name = registry.subscription.email.verification.service, interface = org.wso2.carbon.registry.eventing.services.SubscriptionEmailVerficationService, policy = dynamic, cardinality = 0..1, target = null, bind = setSubscriptionEmailVerficationService, unbind = unsetSubscriptionEmailVerficationService]

!ENTRY org.eclipse.equinox.ds 1 0 2021-07-25 19:24:42.525
!MESSAGE Could not bind a reference of component org.wso2.carbon.registry.info. The reference is: Reference[name = registry.subscriptions.jmx.service, interface = org.wso2.carbon.registry.extensions.jmx.Subscriptions, policy = dynamic, cardinality = 0..1, target = null, bind = setSubscriptions, unbind = unsetSubscriptions]

!ENTRY org.eclipse.equinox.ds 1 0 2021-07-25 19:24:43.843
!MESSAGE Could not bind a reference of component core.ui.dscomponent. The reference is: Reference[name = ui.authentication.extender, interface = org.wso2.carbon.ui.UIAuthenticationExtender, policy = dynamic, cardinality = 0..1, target = null, bind = setUIAuthenticationExtender, unbind = unsetUIAuthenticationExtender]
